{"/home/travis/build/npmtest/node-npmtest-bigpipe/test.js":{"path":"/home/travis/build/npmtest/node-npmtest-bigpipe/test.js","s":{"1":2,"2":2,"3":2,"4":2,"5":2,"6":2,"7":2,"8":1,"9":2,"10":2,"11":1,"12":1,"13":1,"14":1,"15":2,"16":2,"17":2,"18":2,"19":1,"20":1,"21":2,"22":2,"23":2,"24":1,"25":1,"26":1,"27":1,"28":1,"29":1,"30":1,"31":1,"32":1,"33":1,"34":1,"35":1,"36":1,"37":1,"38":1,"39":2,"40":2,"41":1,"42":2,"43":2,"44":1,"45":2,"46":2,"47":1,"48":2,"49":2,"50":1,"51":1,"52":1,"53":1,"54":1},"b":{"1":[2,1,1,1],"2":[1,1,1,1],"3":[1,1],"4":[1,1],"5":[1,1],"6":[1,1],"7":[1,1],"8":[1,1],"9":[1,1],"10":[1,1,1],"11":[1,1],"12":[1,1],"13":[1,1],"14":[1,1],"15":[1,1],"16":[1,1],"17":[1,1]},"f":{"1":2,"2":2,"3":2,"4":2,"5":2,"6":1,"7":1,"8":1,"9":2,"10":2,"11":2,"12":2,"13":1},"fnMap":{"1":{"name":"(anonymous_1)","line":12,"loc":{"start":{"line":12,"column":1},"end":{"line":12,"column":13}}},"2":{"name":"(anonymous_2)","line":19,"loc":{"start":{"line":19,"column":5},"end":{"line":19,"column":17}}},"3":{"name":"(anonymous_3)","line":23,"loc":{"start":{"line":23,"column":24},"end":{"line":23,"column":36}}},"4":{"name":"(anonymous_4)","line":61,"loc":{"start":{"line":61,"column":5},"end":{"line":61,"column":17}}},"5":{"name":"(anonymous_5)","line":82,"loc":{"start":{"line":82,"column":5},"end":{"line":82,"column":17}}},"6":{"name":"(anonymous_6)","line":91,"loc":{"start":{"line":91,"column":77},"end":{"line":94,"column":10}}},"7":{"name":"(anonymous_7)","line":112,"loc":{"start":{"line":112,"column":83},"end":{"line":115,"column":10}},"skip":true},"8":{"name":"(anonymous_8)","line":123,"loc":{"start":{"line":123,"column":77},"end":{"line":126,"column":10}},"skip":true},"9":{"name":"(anonymous_9)","line":139,"loc":{"start":{"line":139,"column":12},"end":{"line":139,"column":40}},"skip":true},"10":{"name":"(anonymous_10)","line":147,"loc":{"start":{"line":147,"column":77},"end":{"line":150,"column":10}},"skip":true},"11":{"name":"(anonymous_11)","line":158,"loc":{"start":{"line":158,"column":83},"end":{"line":161,"column":10}},"skip":true},"12":{"name":"(anonymous_12)","line":169,"loc":{"start":{"line":169,"column":79},"end":{"line":172,"column":10}},"skip":true},"13":{"name":"(anonymous_13)","line":180,"loc":{"start":{"line":180,"column":75},"end":{"line":183,"column":10}},"skip":true}},"statementMap":{"1":{"start":{"line":12,"column":0},"end":{"line":195,"column":5}},"2":{"start":{"line":14,"column":4},"end":{"line":14,"column":14}},"3":{"start":{"line":19,"column":4},"end":{"line":56,"column":9}},"4":{"start":{"line":21,"column":8},"end":{"line":21,"column":19}},"5":{"start":{"line":23,"column":8},"end":{"line":35,"column":13}},"6":{"start":{"line":24,"column":12},"end":{"line":34,"column":13}},"7":{"start":{"line":25,"column":16},"end":{"line":28,"column":30}},"8":{"start":{"line":30,"column":16},"end":{"line":33,"column":27}},"9":{"start":{"line":37,"column":8},"end":{"line":39,"column":21}},"10":{"start":{"line":40,"column":8},"end":{"line":53,"column":9}},"11":{"start":{"line":43,"column":12},"end":{"line":46,"column":14}},"12":{"start":{"line":47,"column":12},"end":{"line":47,"column":18}},"13":{"start":{"line":50,"column":12},"end":{"line":51,"column":46}},"14":{"start":{"line":52,"column":12},"end":{"line":52,"column":18}},"15":{"start":{"line":55,"column":8},"end":{"line":55,"column":35}},"16":{"start":{"line":61,"column":4},"end":{"line":63,"column":9}},"17":{"start":{"line":62,"column":8},"end":{"line":62,"column":15}},"18":{"start":{"line":64,"column":4},"end":{"line":77,"column":5}},"19":{"start":{"line":70,"column":8},"end":{"line":70,"column":14}},"20":{"start":{"line":76,"column":8},"end":{"line":76,"column":14}},"21":{"start":{"line":82,"column":4},"end":{"line":84,"column":9}},"22":{"start":{"line":83,"column":8},"end":{"line":83,"column":15}},"23":{"start":{"line":85,"column":4},"end":{"line":194,"column":5}},"24":{"start":{"line":91,"column":8},"end":{"line":99,"column":10}},"25":{"start":{"line":98,"column":12},"end":{"line":98,"column":35}},"26":{"start":{"line":102,"column":8},"end":{"line":104,"column":63}},"27":{"start":{"line":105,"column":8},"end":{"line":105,"column":14}},"28":{"start":{"line":112,"column":8},"end":{"line":121,"column":10},"skip":true},"29":{"start":{"line":119,"column":12},"end":{"line":119,"column":55},"skip":true},"30":{"start":{"line":120,"column":12},"end":{"line":120,"column":48},"skip":true},"31":{"start":{"line":123,"column":8},"end":{"line":136,"column":10},"skip":true},"32":{"start":{"line":130,"column":12},"end":{"line":130,"column":76},"skip":true},"33":{"start":{"line":131,"column":12},"end":{"line":131,"column":73},"skip":true},"34":{"start":{"line":132,"column":12},"end":{"line":132,"column":74},"skip":true},"35":{"start":{"line":133,"column":12},"end":{"line":133,"column":79},"skip":true},"36":{"start":{"line":134,"column":12},"end":{"line":134,"column":25},"skip":true},"37":{"start":{"line":135,"column":12},"end":{"line":135,"column":45},"skip":true},"38":{"start":{"line":138,"column":8},"end":{"line":145,"column":14},"skip":true},"39":{"start":{"line":143,"column":16},"end":{"line":143,"column":29},"skip":true},"40":{"start":{"line":144,"column":16},"end":{"line":144,"column":55},"skip":true},"41":{"start":{"line":147,"column":8},"end":{"line":156,"column":10},"skip":true},"42":{"start":{"line":154,"column":12},"end":{"line":154,"column":25},"skip":true},"43":{"start":{"line":155,"column":12},"end":{"line":155,"column":45},"skip":true},"44":{"start":{"line":158,"column":8},"end":{"line":167,"column":10},"skip":true},"45":{"start":{"line":165,"column":12},"end":{"line":165,"column":25},"skip":true},"46":{"start":{"line":166,"column":12},"end":{"line":166,"column":48},"skip":true},"47":{"start":{"line":169,"column":8},"end":{"line":178,"column":10},"skip":true},"48":{"start":{"line":176,"column":12},"end":{"line":176,"column":25},"skip":true},"49":{"start":{"line":177,"column":12},"end":{"line":177,"column":46},"skip":true},"50":{"start":{"line":180,"column":8},"end":{"line":189,"column":10},"skip":true},"51":{"start":{"line":187,"column":12},"end":{"line":187,"column":94},"skip":true},"52":{"start":{"line":188,"column":12},"end":{"line":188,"column":48},"skip":true},"53":{"start":{"line":192,"column":8},"end":{"line":192,"column":35},"skip":true},"54":{"start":{"line":193,"column":8},"end":{"line":193,"column":14},"skip":true}},"branchMap":{"1":{"line":25,"type":"binary-expr","locations":[{"start":{"line":25,"column":23},"end":{"line":25,"column":62}},{"start":{"line":26,"column":20},"end":{"line":26,"column":70}},{"start":{"line":27,"column":20},"end":{"line":27,"column":71}},{"start":{"line":28,"column":20},"end":{"line":28,"column":29}}]},"2":{"line":30,"type":"binary-expr","locations":[{"start":{"line":30,"column":23},"end":{"line":30,"column":37}},{"start":{"line":31,"column":20},"end":{"line":31,"column":61}},{"start":{"line":32,"column":20},"end":{"line":32,"column":70}},{"start":{"line":33,"column":20},"end":{"line":33,"column":26}}]},"3":{"line":37,"type":"cond-expr","locations":[{"start":{"line":38,"column":14},"end":{"line":38,"column":20}},{"start":{"line":39,"column":14},"end":{"line":39,"column":20}}]},"4":{"line":40,"type":"switch","locations":[{"start":{"line":42,"column":8},"end":{"line":47,"column":18}},{"start":{"line":49,"column":8},"end":{"line":52,"column":18}}]},"5":{"line":44,"type":"binary-expr","locations":[{"start":{"line":44,"column":16},"end":{"line":44,"column":44}},{"start":{"line":44,"column":48},"end":{"line":44,"column":66}}]},"6":{"line":50,"type":"binary-expr","locations":[{"start":{"line":50,"column":21},"end":{"line":50,"column":49}},{"start":{"line":50,"column":53},"end":{"line":50,"column":72}}]},"7":{"line":64,"type":"switch","locations":[{"start":{"line":69,"column":4},"end":{"line":70,"column":14}},{"start":{"line":75,"column":4},"end":{"line":76,"column":14}}]},"8":{"line":85,"type":"switch","locations":[{"start":{"line":90,"column":4},"end":{"line":105,"column":14}},{"start":{"line":111,"column":4},"end":{"line":193,"column":14},"skip":true}]},"9":{"line":91,"type":"binary-expr","locations":[{"start":{"line":91,"column":42},"end":{"line":91,"column":73}},{"start":{"line":91,"column":77},"end":{"line":99,"column":9}}]},"10":{"line":102,"type":"binary-expr","locations":[{"start":{"line":102,"column":18},"end":{"line":102,"column":32}},{"start":{"line":103,"column":12},"end":{"line":103,"column":53}},{"start":{"line":104,"column":12},"end":{"line":104,"column":61}}]},"11":{"line":112,"type":"binary-expr","locations":[{"start":{"line":112,"column":45},"end":{"line":112,"column":79},"skip":true},{"start":{"line":112,"column":83},"end":{"line":121,"column":9},"skip":true}]},"12":{"line":123,"type":"binary-expr","locations":[{"start":{"line":123,"column":42},"end":{"line":123,"column":73},"skip":true},{"start":{"line":123,"column":77},"end":{"line":136,"column":9},"skip":true}]},"13":{"line":138,"type":"binary-expr","locations":[{"start":{"line":138,"column":48},"end":{"line":138,"column":85},"skip":true},{"start":{"line":139,"column":12},"end":{"line":145,"column":13},"skip":true}]},"14":{"line":147,"type":"binary-expr","locations":[{"start":{"line":147,"column":42},"end":{"line":147,"column":73},"skip":true},{"start":{"line":147,"column":77},"end":{"line":156,"column":9},"skip":true}]},"15":{"line":158,"type":"binary-expr","locations":[{"start":{"line":158,"column":45},"end":{"line":158,"column":79},"skip":true},{"start":{"line":158,"column":83},"end":{"line":167,"column":9},"skip":true}]},"16":{"line":169,"type":"binary-expr","locations":[{"start":{"line":169,"column":43},"end":{"line":169,"column":75},"skip":true},{"start":{"line":169,"column":79},"end":{"line":178,"column":9},"skip":true}]},"17":{"line":180,"type":"binary-expr","locations":[{"start":{"line":180,"column":41},"end":{"line":180,"column":71},"skip":true},{"start":{"line":180,"column":75},"end":{"line":189,"column":9},"skip":true}]}},"code":["/* istanbul instrument in package npmtest_bigpipe */","/*jslint","    bitwise: true,","    browser: true,","    maxerr: 8,","    maxlen: 96,","    node: true,","    nomen: true,","    regexp: true,","    stupid: true","*/","(function () {","    'use strict';","    var local;","","","","    // run shared js-env code - pre-init","    (function () {","        // init local","        local = {};","        // init modeJs","        local.modeJs = (function () {","            try {","                return typeof navigator.userAgent === 'string' &&","                    typeof document.querySelector('body') === 'object' &&","                    typeof XMLHttpRequest.prototype.open === 'function' &&","                    'browser';","            } catch (errorCaughtBrowser) {","                return module.exports &&","                    typeof process.versions.node === 'string' &&","                    typeof require('http').createServer === 'function' &&","                    'node';","            }","        }());","        // init global","        local.global = local.modeJs === 'browser'","            ? window","            : global;","        switch (local.modeJs) {","        // re-init local from window.local","        case 'browser':","            local = local.global.utility2.objectSetDefault(","                local.global.utility2_rollup || local.global.local,","                local.global.utility2","            );","            break;","        // re-init local from example.js","        case 'node':","            local = (local.global.utility2_rollup || require('utility2'))","                .requireExampleJsFromReadme();","            break;","        }","        // export local","        local.global.local = local;","    }());","","","","    // run shared js-env code - function","    (function () {","        return;","    }());","    switch (local.modeJs) {","","","","    // run browser js-env code - function","    case 'browser':","        break;","","","","    // run node js-env code - function","    case 'node':","        break;","    }","","","","    // run shared js-env code - post-init","    (function () {","        return;","    }());","    switch (local.modeJs) {","","","","    // run browser js-env code - post-init","    case 'browser':","        local.testCase_browser_nullCase = local.testCase_browser_nullCase || function (","            options,","            onError","        ) {","        /*","         * this function will test browsers's null-case handling-behavior-behavior","         */","            onError(null, options);","        };","","        // run tests","        local.nop(local.modeTest &&","            document.querySelector('#testRunButton1') &&","            document.querySelector('#testRunButton1').click());","        break;","","","","    // run node js-env code - post-init","    /* istanbul ignore next */","    case 'node':","        local.testCase_buildApidoc_default = local.testCase_buildApidoc_default || function (","            options,","            onError","        ) {","        /*","         * this function will test buildApidoc's default handling-behavior-behavior","         */","            options = { modulePathList: module.paths };","            local.buildApidoc(options, onError);","        };","","        local.testCase_buildApp_default = local.testCase_buildApp_default || function (","            options,","            onError","        ) {","        /*","         * this function will test buildApp's default handling-behavior-behavior","         */","            local.testCase_buildReadme_default(options, local.onErrorThrow);","            local.testCase_buildLib_default(options, local.onErrorThrow);","            local.testCase_buildTest_default(options, local.onErrorThrow);","            local.testCase_buildCustomOrg_default(options, local.onErrorThrow);","            options = [];","            local.buildApp(options, onError);","        };","","        local.testCase_buildCustomOrg_default = local.testCase_buildCustomOrg_default ||","            function (options, onError) {","            /*","             * this function will test buildCustomOrg's default handling-behavior","             */","                options = {};","                local.buildCustomOrg(options, onError);","            };","","        local.testCase_buildLib_default = local.testCase_buildLib_default || function (","            options,","            onError","        ) {","        /*","         * this function will test buildLib's default handling-behavior","         */","            options = {};","            local.buildLib(options, onError);","        };","","        local.testCase_buildReadme_default = local.testCase_buildReadme_default || function (","            options,","            onError","        ) {","        /*","         * this function will test buildReadme's default handling-behavior-behavior","         */","            options = {};","            local.buildReadme(options, onError);","        };","","        local.testCase_buildTest_default = local.testCase_buildTest_default || function (","            options,","            onError","        ) {","        /*","         * this function will test buildTest's default handling-behavior","         */","            options = {};","            local.buildTest(options, onError);","        };","","        local.testCase_webpage_default = local.testCase_webpage_default || function (","            options,","            onError","        ) {","        /*","         * this function will test webpage's default handling-behavior","         */","            options = { modeCoverageMerge: true, url: local.serverLocalHost + '?modeTest=1' };","            local.browserTest(options, onError);","        };","","        // run test-server","        local.testRunServer(local);","        break;","    }","}());",""],"l":{"12":2,"14":2,"19":2,"21":2,"23":2,"24":2,"25":2,"30":1,"37":2,"40":2,"43":1,"47":1,"50":1,"52":1,"55":2,"61":2,"62":2,"64":2,"70":1,"76":1,"82":2,"83":2,"85":2,"91":1,"98":1,"102":1,"105":1,"112":1,"119":1,"120":1,"123":1,"130":1,"131":1,"132":1,"133":1,"134":1,"135":1,"138":1,"143":2,"144":2,"147":1,"154":2,"155":2,"158":1,"165":2,"166":2,"169":1,"176":2,"177":2,"180":1,"187":1,"188":1,"192":1,"193":1}},"/home/travis/build/npmtest/node-npmtest-bigpipe/lib.npmtest_bigpipe.js":{"path":"/home/travis/build/npmtest/node-npmtest-bigpipe/lib.npmtest_bigpipe.js","s":{"1":2,"2":2,"3":2,"4":2,"5":2,"6":2,"7":2,"8":1,"9":2,"10":2,"11":2,"12":2,"13":1,"14":1,"15":1,"16":1},"b":{"1":[2,1,1,1],"2":[1,1,1,1],"3":[1,1],"4":[2,2],"5":[1,1]},"f":{"1":2,"2":2,"3":2},"fnMap":{"1":{"name":"(anonymous_1)","line":12,"loc":{"start":{"line":12,"column":1},"end":{"line":12,"column":13}}},"2":{"name":"(anonymous_2)","line":19,"loc":{"start":{"line":19,"column":5},"end":{"line":19,"column":17}}},"3":{"name":"(anonymous_3)","line":23,"loc":{"start":{"line":23,"column":24},"end":{"line":23,"column":36}}}},"statementMap":{"1":{"start":{"line":12,"column":0},"end":{"line":53,"column":5}},"2":{"start":{"line":14,"column":4},"end":{"line":14,"column":14}},"3":{"start":{"line":19,"column":4},"end":{"line":52,"column":9}},"4":{"start":{"line":21,"column":8},"end":{"line":21,"column":19}},"5":{"start":{"line":23,"column":8},"end":{"line":35,"column":13}},"6":{"start":{"line":24,"column":12},"end":{"line":34,"column":13}},"7":{"start":{"line":25,"column":16},"end":{"line":28,"column":30}},"8":{"start":{"line":30,"column":16},"end":{"line":33,"column":27}},"9":{"start":{"line":37,"column":8},"end":{"line":39,"column":21}},"10":{"start":{"line":41,"column":8},"end":{"line":41,"column":54}},"11":{"start":{"line":43,"column":8},"end":{"line":43,"column":52}},"12":{"start":{"line":45,"column":8},"end":{"line":51,"column":9}},"13":{"start":{"line":46,"column":12},"end":{"line":46,"column":58}},"14":{"start":{"line":48,"column":12},"end":{"line":48,"column":35}},"15":{"start":{"line":49,"column":12},"end":{"line":49,"column":49}},"16":{"start":{"line":50,"column":12},"end":{"line":50,"column":43}}},"branchMap":{"1":{"line":25,"type":"binary-expr","locations":[{"start":{"line":25,"column":23},"end":{"line":25,"column":62}},{"start":{"line":26,"column":20},"end":{"line":26,"column":70}},{"start":{"line":27,"column":20},"end":{"line":27,"column":71}},{"start":{"line":28,"column":20},"end":{"line":28,"column":29}}]},"2":{"line":30,"type":"binary-expr","locations":[{"start":{"line":30,"column":23},"end":{"line":30,"column":37}},{"start":{"line":31,"column":20},"end":{"line":31,"column":61}},{"start":{"line":32,"column":20},"end":{"line":32,"column":70}},{"start":{"line":33,"column":20},"end":{"line":33,"column":26}}]},"3":{"line":37,"type":"cond-expr","locations":[{"start":{"line":38,"column":14},"end":{"line":38,"column":20}},{"start":{"line":39,"column":14},"end":{"line":39,"column":20}}]},"4":{"line":41,"type":"binary-expr","locations":[{"start":{"line":41,"column":16},"end":{"line":41,"column":44}},{"start":{"line":41,"column":48},"end":{"line":41,"column":53}}]},"5":{"line":45,"type":"if","locations":[{"start":{"line":45,"column":8},"end":{"line":45,"column":8}},{"start":{"line":45,"column":8},"end":{"line":45,"column":8}}]}},"code":["/* istanbul instrument in package npmtest_bigpipe */","/*jslint","    bitwise: true,","    browser: true,","    maxerr: 8,","    maxlen: 96,","    node: true,","    nomen: true,","    regexp: true,","    stupid: true","*/","(function () {","    'use strict';","    var local;","","","","    // run shared js-env code - pre-init","    (function () {","        // init local","        local = {};","        // init modeJs","        local.modeJs = (function () {","            try {","                return typeof navigator.userAgent === 'string' &&","                    typeof document.querySelector('body') === 'object' &&","                    typeof XMLHttpRequest.prototype.open === 'function' &&","                    'browser';","            } catch (errorCaughtBrowser) {","                return module.exports &&","                    typeof process.versions.node === 'string' &&","                    typeof require('http').createServer === 'function' &&","                    'node';","            }","        }());","        // init global","        local.global = local.modeJs === 'browser'","            ? window","            : global;","        // init utility2_rollup","        local = local.global.utility2_rollup || local;","        // init lib","        local.local = local.npmtest_bigpipe = local;","        // init exports","        if (local.modeJs === 'browser') {","            local.global.utility2_npmtest_bigpipe = local;","        } else {","            module.exports = local;","            module.exports.__dirname = __dirname;","            module.exports.module = module;","        }","    }());","}());",""],"l":{"12":2,"14":2,"19":2,"21":2,"23":2,"24":2,"25":2,"30":1,"37":2,"41":2,"43":2,"45":2,"46":1,"48":1,"49":1,"50":1}},"/home/travis/build/npmtest/node-npmtest-bigpipe/example.js":{"path":"/home/travis/build/npmtest/node-npmtest-bigpipe/example.js","s":{"1":2,"2":2,"3":2,"4":2,"5":2,"6":2,"7":2,"8":1,"9":2,"10":2,"11":2,"12":2,"13":1,"14":2,"15":2,"16":2,"17":2,"18":2,"19":0,"20":2,"21":1,"22":1,"23":1,"24":1,"25":1,"26":0,"27":0,"28":1,"29":1,"30":2,"31":0,"32":0,"33":0,"34":1,"35":2,"36":2,"37":3,"38":3,"39":3,"40":3,"41":0,"42":3,"43":3,"44":3,"45":1,"46":3,"47":1,"48":1,"49":1,"50":1,"51":1,"52":1,"53":1,"54":1,"55":1,"56":1,"57":0,"58":1,"59":6,"60":6,"61":1,"62":2,"63":0,"64":2,"65":1,"66":1,"67":0,"68":0,"69":0,"70":0,"71":0,"72":0,"73":0,"74":0,"75":0,"76":0,"77":0,"78":0,"79":0,"80":0,"81":0,"82":0,"83":0},"b":{"1":[2,1,1,1],"2":[1,1,1,1],"3":[1,1],"4":[2,2],"5":[1,1],"6":[1,1],"7":[2,0],"8":[2,1,1,1,1,1],"9":[0,2,0],"10":[1,1],"11":[2,1,1],"12":[1,0],"13":[0,2],"14":[2,0,0,0,0,0,0],"15":[0,3],"16":[3,0],"17":[1,1],"18":[0,1],"19":[1,2,0,2],"20":[1,0],"21":[1,1],"22":[0,0],"23":[0,0],"24":[0,0],"25":[0,0],"26":[0,0],"27":[0,0],"28":[0,0]},"f":{"1":2,"2":2,"3":2,"4":2,"5":2,"6":2,"7":3,"8":3,"9":3,"10":1,"11":6,"12":0},"fnMap":{"1":{"name":"(anonymous_1)","line":26,"loc":{"start":{"line":26,"column":1},"end":{"line":26,"column":13}}},"2":{"name":"(anonymous_2)","line":33,"loc":{"start":{"line":33,"column":5},"end":{"line":33,"column":17}}},"3":{"name":"(anonymous_3)","line":37,"loc":{"start":{"line":37,"column":24},"end":{"line":37,"column":36}}},"4":{"name":"(anonymous_4)","line":69,"loc":{"start":{"line":69,"column":31},"end":{"line":69,"column":48}},"skip":true},"5":{"name":"(anonymous_5)","line":78,"loc":{"start":{"line":78,"column":26},"end":{"line":78,"column":45}},"skip":true},"6":{"name":"(anonymous_6)","line":123,"loc":{"start":{"line":123,"column":33},"end":{"line":123,"column":48}},"skip":true},"7":{"name":"(anonymous_7)","line":125,"loc":{"start":{"line":125,"column":27},"end":{"line":125,"column":39}},"skip":true},"8":{"name":"(anonymous_8)","line":133,"loc":{"start":{"line":133,"column":59},"end":{"line":133,"column":74}},"skip":true},"9":{"name":"(anonymous_9)","line":143,"loc":{"start":{"line":143,"column":45},"end":{"line":143,"column":62}},"skip":true},"10":{"name":"(anonymous_10)","line":144,"loc":{"start":{"line":144,"column":73},"end":{"line":144,"column":92}},"skip":true},"11":{"name":"(anonymous_11)","line":272,"loc":{"start":{"line":272,"column":51},"end":{"line":272,"column":77}},"skip":true},"12":{"name":"(anonymous_12)","line":315,"loc":{"start":{"line":315,"column":32},"end":{"line":315,"column":61}},"skip":true}},"statementMap":{"1":{"start":{"line":26,"column":0},"end":{"line":326,"column":5}},"2":{"start":{"line":28,"column":4},"end":{"line":28,"column":14}},"3":{"start":{"line":33,"column":4},"end":{"line":60,"column":9}},"4":{"start":{"line":35,"column":8},"end":{"line":35,"column":19}},"5":{"start":{"line":37,"column":8},"end":{"line":49,"column":13}},"6":{"start":{"line":38,"column":12},"end":{"line":48,"column":13}},"7":{"start":{"line":39,"column":16},"end":{"line":42,"column":30}},"8":{"start":{"line":44,"column":16},"end":{"line":47,"column":27}},"9":{"start":{"line":51,"column":8},"end":{"line":53,"column":21}},"10":{"start":{"line":55,"column":8},"end":{"line":57,"column":45}},"11":{"start":{"line":59,"column":8},"end":{"line":59,"column":35}},"12":{"start":{"line":61,"column":4},"end":{"line":325,"column":5}},"13":{"start":{"line":69,"column":8},"end":{"line":121,"column":10},"skip":true},"14":{"start":{"line":70,"column":12},"end":{"line":88,"column":13},"skip":true},"15":{"start":{"line":76,"column":16},"end":{"line":87,"column":19},"skip":true},"16":{"start":{"line":79,"column":20},"end":{"line":86,"column":21},"skip":true},"17":{"start":{"line":82,"column":24},"end":{"line":82,"column":43},"skip":true},"18":{"start":{"line":83,"column":24},"end":{"line":83,"column":30},"skip":true},"19":{"start":{"line":85,"column":24},"end":{"line":85,"column":49},"skip":true},"20":{"start":{"line":89,"column":12},"end":{"line":107,"column":13},"skip":true},"21":{"start":{"line":92,"column":16},"end":{"line":102,"column":17},"skip":true},"22":{"start":{"line":93,"column":20},"end":{"line":93,"column":86},"skip":true},"23":{"start":{"line":94,"column":20},"end":{"line":95,"column":45},"skip":true},"24":{"start":{"line":96,"column":20},"end":{"line":96,"column":42},"skip":true},"25":{"start":{"line":97,"column":20},"end":{"line":97,"column":48},"skip":true},"26":{"start":{"line":100,"column":20},"end":{"line":100,"column":85},"skip":true},"27":{"start":{"line":101,"column":20},"end":{"line":101,"column":96},"skip":true},"28":{"start":{"line":103,"column":16},"end":{"line":103,"column":22},"skip":true},"29":{"start":{"line":106,"column":16},"end":{"line":106,"column":22},"skip":true},"30":{"start":{"line":108,"column":12},"end":{"line":120,"column":13},"skip":true},"31":{"start":{"line":114,"column":16},"end":{"line":119,"column":17},"skip":true},"32":{"start":{"line":116,"column":20},"end":{"line":116,"column":78},"skip":true},"33":{"start":{"line":118,"column":20},"end":{"line":118,"column":47},"skip":true},"34":{"start":{"line":123,"column":8},"end":{"line":141,"column":11},"skip":true},"35":{"start":{"line":124,"column":12},"end":{"line":124,"column":54},"skip":true},"36":{"start":{"line":125,"column":12},"end":{"line":140,"column":14},"skip":true},"37":{"start":{"line":126,"column":16},"end":{"line":126,"column":28},"skip":true},"38":{"start":{"line":127,"column":16},"end":{"line":127,"column":69},"skip":true},"39":{"start":{"line":128,"column":16},"end":{"line":128,"column":75},"skip":true},"40":{"start":{"line":129,"column":16},"end":{"line":131,"column":17},"skip":true},"41":{"start":{"line":130,"column":20},"end":{"line":130,"column":27},"skip":true},"42":{"start":{"line":133,"column":16},"end":{"line":137,"column":36},"skip":true},"43":{"start":{"line":134,"column":20},"end":{"line":136,"column":55},"skip":true},"44":{"start":{"line":139,"column":16},"end":{"line":139,"column":57},"skip":true},"45":{"start":{"line":143,"column":8},"end":{"line":147,"column":11},"skip":true},"46":{"start":{"line":144,"column":12},"end":{"line":146,"column":15},"skip":true},"47":{"start":{"line":145,"column":16},"end":{"line":145,"column":70},"skip":true},"48":{"start":{"line":149,"column":8},"end":{"line":149,"column":31},"skip":true},"49":{"start":{"line":150,"column":8},"end":{"line":150,"column":14},"skip":true},"50":{"start":{"line":158,"column":8},"end":{"line":158,"column":31},"skip":true},"51":{"start":{"line":160,"column":8},"end":{"line":160,"column":33},"skip":true},"52":{"start":{"line":161,"column":8},"end":{"line":161,"column":37},"skip":true},"53":{"start":{"line":162,"column":8},"end":{"line":162,"column":35},"skip":true},"54":{"start":{"line":164,"column":8},"end":{"line":164,"column":50},"skip":true},"55":{"start":{"line":166,"column":8},"end":{"line":256,"column":2},"skip":true},"56":{"start":{"line":258,"column":8},"end":{"line":286,"column":9},"skip":true},"57":{"start":{"line":259,"column":12},"end":{"line":269,"column":14},"skip":true},"58":{"start":{"line":271,"column":12},"end":{"line":285,"column":19},"skip":true},"59":{"start":{"line":274,"column":20},"end":{"line":274,"column":35},"skip":true},"60":{"start":{"line":275,"column":20},"end":{"line":284,"column":21},"skip":true},"61":{"start":{"line":277,"column":24},"end":{"line":277,"column":64},"skip":true},"62":{"start":{"line":279,"column":24},"end":{"line":279,"column":40},"skip":true},"63":{"start":{"line":281,"column":24},"end":{"line":281,"column":40},"skip":true},"64":{"start":{"line":283,"column":24},"end":{"line":283,"column":39},"skip":true},"65":{"start":{"line":288,"column":8},"end":{"line":290,"column":9},"skip":true},"66":{"start":{"line":289,"column":12},"end":{"line":289,"column":18},"skip":true},"67":{"start":{"line":291,"column":8},"end":{"line":293,"column":54},"skip":true},"68":{"start":{"line":296,"column":8},"end":{"line":301,"column":37},"skip":true},"69":{"start":{"line":303,"column":8},"end":{"line":303,"column":82},"skip":true},"70":{"start":{"line":306,"column":8},"end":{"line":308,"column":9},"skip":true},"71":{"start":{"line":307,"column":12},"end":{"line":307,"column":82},"skip":true},"72":{"start":{"line":310,"column":8},"end":{"line":312,"column":9},"skip":true},"73":{"start":{"line":311,"column":12},"end":{"line":311,"column":18},"skip":true},"74":{"start":{"line":313,"column":8},"end":{"line":313,"column":54},"skip":true},"75":{"start":{"line":314,"column":8},"end":{"line":314,"column":69},"skip":true},"76":{"start":{"line":315,"column":8},"end":{"line":323,"column":36},"skip":true},"77":{"start":{"line":316,"column":12},"end":{"line":316,"column":61},"skip":true},"78":{"start":{"line":317,"column":12},"end":{"line":320,"column":13},"skip":true},"79":{"start":{"line":318,"column":16},"end":{"line":318,"column":75},"skip":true},"80":{"start":{"line":319,"column":16},"end":{"line":319,"column":23},"skip":true},"81":{"start":{"line":321,"column":12},"end":{"line":321,"column":38},"skip":true},"82":{"start":{"line":322,"column":12},"end":{"line":322,"column":27},"skip":true},"83":{"start":{"line":324,"column":8},"end":{"line":324,"column":14},"skip":true}},"branchMap":{"1":{"line":39,"type":"binary-expr","locations":[{"start":{"line":39,"column":23},"end":{"line":39,"column":62}},{"start":{"line":40,"column":20},"end":{"line":40,"column":70}},{"start":{"line":41,"column":20},"end":{"line":41,"column":71}},{"start":{"line":42,"column":20},"end":{"line":42,"column":29}}]},"2":{"line":44,"type":"binary-expr","locations":[{"start":{"line":44,"column":23},"end":{"line":44,"column":37}},{"start":{"line":45,"column":20},"end":{"line":45,"column":61}},{"start":{"line":46,"column":20},"end":{"line":46,"column":70}},{"start":{"line":47,"column":20},"end":{"line":47,"column":26}}]},"3":{"line":51,"type":"cond-expr","locations":[{"start":{"line":52,"column":14},"end":{"line":52,"column":20}},{"start":{"line":53,"column":14},"end":{"line":53,"column":20}}]},"4":{"line":55,"type":"binary-expr","locations":[{"start":{"line":55,"column":16},"end":{"line":55,"column":44}},{"start":{"line":55,"column":49},"end":{"line":57,"column":43}}]},"5":{"line":55,"type":"cond-expr","locations":[{"start":{"line":56,"column":14},"end":{"line":56,"column":51}},{"start":{"line":57,"column":14},"end":{"line":57,"column":43}}]},"6":{"line":61,"type":"switch","locations":[{"start":{"line":68,"column":4},"end":{"line":150,"column":14},"skip":true},{"start":{"line":156,"column":4},"end":{"line":324,"column":14},"skip":true}]},"7":{"line":70,"type":"if","locations":[{"start":{"line":70,"column":12},"end":{"line":70,"column":12},"skip":true},{"start":{"line":70,"column":12},"end":{"line":70,"column":12},"skip":true}]},"8":{"line":70,"type":"binary-expr","locations":[{"start":{"line":70,"column":16},"end":{"line":70,"column":22},"skip":true},{"start":{"line":70,"column":27},"end":{"line":70,"column":32},"skip":true},{"start":{"line":71,"column":20},"end":{"line":71,"column":39},"skip":true},{"start":{"line":72,"column":20},"end":{"line":72,"column":49},"skip":true},{"start":{"line":73,"column":20},"end":{"line":73,"column":58},"skip":true},{"start":{"line":74,"column":20},"end":{"line":74,"column":69},"skip":true}]},"9":{"line":79,"type":"switch","locations":[{"start":{"line":80,"column":20},"end":{"line":80,"column":33},"skip":true},{"start":{"line":81,"column":20},"end":{"line":83,"column":30},"skip":true},{"start":{"line":84,"column":20},"end":{"line":85,"column":49},"skip":true}]},"10":{"line":89,"type":"switch","locations":[{"start":{"line":90,"column":12},"end":{"line":103,"column":22},"skip":true},{"start":{"line":105,"column":12},"end":{"line":106,"column":22},"skip":true}]},"11":{"line":89,"type":"binary-expr","locations":[{"start":{"line":89,"column":20},"end":{"line":89,"column":25},"skip":true},{"start":{"line":89,"column":29},"end":{"line":89,"column":48},"skip":true},{"start":{"line":89,"column":52},"end":{"line":89,"column":74},"skip":true}]},"12":{"line":92,"type":"if","locations":[{"start":{"line":92,"column":16},"end":{"line":92,"column":16},"skip":true},{"start":{"line":92,"column":16},"end":{"line":92,"column":16},"skip":true}]},"13":{"line":108,"type":"if","locations":[{"start":{"line":108,"column":12},"end":{"line":108,"column":12},"skip":true},{"start":{"line":108,"column":12},"end":{"line":108,"column":12},"skip":true}]},"14":{"line":108,"type":"binary-expr","locations":[{"start":{"line":108,"column":16},"end":{"line":108,"column":61},"skip":true},{"start":{"line":108,"column":66},"end":{"line":108,"column":72},"skip":true},{"start":{"line":108,"column":77},"end":{"line":108,"column":82},"skip":true},{"start":{"line":109,"column":20},"end":{"line":109,"column":39},"skip":true},{"start":{"line":110,"column":20},"end":{"line":110,"column":49},"skip":true},{"start":{"line":111,"column":20},"end":{"line":111,"column":58},"skip":true},{"start":{"line":112,"column":20},"end":{"line":112,"column":68},"skip":true}]},"15":{"line":129,"type":"if","locations":[{"start":{"line":129,"column":16},"end":{"line":129,"column":16},"skip":true},{"start":{"line":129,"column":16},"end":{"line":129,"column":16},"skip":true}]},"16":{"line":134,"type":"cond-expr","locations":[{"start":{"line":135,"column":26},"end":{"line":135,"column":29},"skip":true},{"start":{"line":136,"column":26},"end":{"line":136,"column":54},"skip":true}]},"17":{"line":164,"type":"binary-expr","locations":[{"start":{"line":164,"column":27},"end":{"line":164,"column":43},"skip":true},{"start":{"line":164,"column":47},"end":{"line":164,"column":49},"skip":true}]},"18":{"line":258,"type":"if","locations":[{"start":{"line":258,"column":8},"end":{"line":258,"column":8},"skip":true},{"start":{"line":258,"column":8},"end":{"line":258,"column":8},"skip":true}]},"19":{"line":275,"type":"switch","locations":[{"start":{"line":276,"column":20},"end":{"line":277,"column":64},"skip":true},{"start":{"line":278,"column":20},"end":{"line":279,"column":40},"skip":true},{"start":{"line":280,"column":20},"end":{"line":281,"column":40},"skip":true},{"start":{"line":282,"column":20},"end":{"line":283,"column":39},"skip":true}]},"20":{"line":288,"type":"if","locations":[{"start":{"line":288,"column":8},"end":{"line":288,"column":8},"skip":true},{"start":{"line":288,"column":8},"end":{"line":288,"column":8},"skip":true}]},"21":{"line":288,"type":"binary-expr","locations":[{"start":{"line":288,"column":12},"end":{"line":288,"column":40},"skip":true},{"start":{"line":288,"column":44},"end":{"line":288,"column":67},"skip":true}]},"22":{"line":292,"type":"binary-expr","locations":[{"start":{"line":292,"column":12},"end":{"line":292,"column":50},"skip":true},{"start":{"line":293,"column":12},"end":{"line":293,"column":53},"skip":true}]},"23":{"line":297,"type":"binary-expr","locations":[{"start":{"line":297,"column":12},"end":{"line":297,"column":65},"skip":true},{"start":{"line":298,"column":12},"end":{"line":301,"column":36},"skip":true}]},"24":{"line":303,"type":"binary-expr","locations":[{"start":{"line":303,"column":43},"end":{"line":303,"column":75},"skip":true},{"start":{"line":303,"column":79},"end":{"line":303,"column":81},"skip":true}]},"25":{"line":306,"type":"if","locations":[{"start":{"line":306,"column":8},"end":{"line":306,"column":8},"skip":true},{"start":{"line":306,"column":8},"end":{"line":306,"column":8},"skip":true}]},"26":{"line":310,"type":"if","locations":[{"start":{"line":310,"column":8},"end":{"line":310,"column":8},"skip":true},{"start":{"line":310,"column":8},"end":{"line":310,"column":8},"skip":true}]},"27":{"line":313,"type":"binary-expr","locations":[{"start":{"line":313,"column":27},"end":{"line":313,"column":43},"skip":true},{"start":{"line":313,"column":47},"end":{"line":313,"column":53},"skip":true}]},"28":{"line":317,"type":"if","locations":[{"start":{"line":317,"column":12},"end":{"line":317,"column":12},"skip":true},{"start":{"line":317,"column":12},"end":{"line":317,"column":12},"skip":true}]}},"code":["/*","example.js","","quickstart example","","instruction","    1. save this script as example.js","    2. run the shell command:","        $ npm install npmtest-bigpipe && PORT=8081 node example.js","    3. play with the browser-demo on http://127.0.0.1:8081","*/","","","","/* istanbul instrument in package npmtest_bigpipe */","/*jslint","    bitwise: true,","    browser: true,","    maxerr: 8,","    maxlen: 96,","    node: true,","    nomen: true,","    regexp: true,","    stupid: true","*/","(function () {","    'use strict';","    var local;","","","","    // run shared js-env code - pre-init","    (function () {","        // init local","        local = {};","        // init modeJs","        local.modeJs = (function () {","            try {","                return typeof navigator.userAgent === 'string' &&","                    typeof document.querySelector('body') === 'object' &&","                    typeof XMLHttpRequest.prototype.open === 'function' &&","                    'browser';","            } catch (errorCaughtBrowser) {","                return module.exports &&","                    typeof process.versions.node === 'string' &&","                    typeof require('http').createServer === 'function' &&","                    'node';","            }","        }());","        // init global","        local.global = local.modeJs === 'browser'","            ? window","            : global;","        // init utility2_rollup","        local = local.global.utility2_rollup || (local.modeJs === 'browser'","            ? local.global.utility2_npmtest_bigpipe","            : global.utility2_moduleExports);","        // export local","        local.global.local = local;","    }());","    switch (local.modeJs) {","","","","    // post-init","    // run browser js-env code - post-init","    /* istanbul ignore next */","    case 'browser':","        local.testRunBrowser = function (event) {","            if (!event || (event &&","                    event.currentTarget &&","                    event.currentTarget.className &&","                    event.currentTarget.className.includes &&","                    event.currentTarget.className.includes('onreset'))) {","                // reset output","                Array.from(","                    document.querySelectorAll('body > .resettable')","                ).forEach(function (element) {","                    switch (element.tagName) {","                    case 'INPUT':","                    case 'TEXTAREA':","                        element.value = '';","                        break;","                    default:","                        element.textContent = '';","                    }","                });","            }","            switch (event && event.currentTarget && event.currentTarget.id) {","            case 'testRunButton1':","                // show tests","                if (document.querySelector('#testReportDiv1').style.display === 'none') {","                    document.querySelector('#testReportDiv1').style.display = 'block';","                    document.querySelector('#testRunButton1').textContent =","                        'hide internal test';","                    local.modeTest = true;","                    local.testRunDefault(local);","                // hide tests","                } else {","                    document.querySelector('#testReportDiv1').style.display = 'none';","                    document.querySelector('#testRunButton1').textContent = 'run internal test';","                }","                break;","            // custom-case","            default:","                break;","            }","            if (document.querySelector('#inputTextareaEval1') && (!event || (event &&","                    event.currentTarget &&","                    event.currentTarget.className &&","                    event.currentTarget.className.includes &&","                    event.currentTarget.className.includes('oneval')))) {","                // try to eval input-code","                try {","                    /*jslint evil: true*/","                    eval(document.querySelector('#inputTextareaEval1').value);","                } catch (errorCaught) {","                    console.error(errorCaught);","                }","            }","        };","        // log stderr and stdout to #outputTextareaStdout1","        ['error', 'log'].forEach(function (key) {","            console[key + '_original'] = console[key];","            console[key] = function () {","                var element;","                console[key + '_original'].apply(console, arguments);","                element = document.querySelector('#outputTextareaStdout1');","                if (!element) {","                    return;","                }","                // append text to #outputTextareaStdout1","                element.value += Array.from(arguments).map(function (arg) {","                    return typeof arg === 'string'","                        ? arg","                        : JSON.stringify(arg, null, 4);","                }).join(' ') + '\\n';","                // scroll textarea to bottom","                element.scrollTop = element.scrollHeight;","            };","        });","        // init event-handling","        ['change', 'click', 'keyup'].forEach(function (event) {","            Array.from(document.querySelectorAll('.on' + event)).forEach(function (element) {","                element.addEventListener(event, local.testRunBrowser);","            });","        });","        // run tests","        local.testRunBrowser();","        break;","","","","    // run node js-env code - post-init","    /* istanbul ignore next */","    case 'node':","        // export local","        module.exports = local;","        // require modules","        local.fs = require('fs');","        local.http = require('http');","        local.url = require('url');","        // init assets","        local.assetsDict = local.assetsDict || {};","        /* jslint-ignore-begin */","        local.assetsDict['/assets.index.template.html'] = '\\","<!doctype html>\\n\\","<html lang=\"en\">\\n\\","<head>\\n\\","<meta charset=\"UTF-8\">\\n\\","<meta name=\"viewport\" content=\"width=device-width, initial-scale=1\">\\n\\","<title>{{env.npm_package_name}} (v{{env.npm_package_version}})</title>\\n\\","<style>\\n\\","/*csslint\\n\\","    box-sizing: false,\\n\\","    universal-selector: false\\n\\","*/\\n\\","* {\\n\\","    box-sizing: border-box;\\n\\","}\\n\\","body {\\n\\","    background: #dde;\\n\\","    font-family: Arial, Helvetica, sans-serif;\\n\\","    margin: 2rem;\\n\\","}\\n\\","body > * {\\n\\","    margin-bottom: 1rem;\\n\\","}\\n\\",".utility2FooterDiv {\\n\\","    margin-top: 20px;\\n\\","    text-align: center;\\n\\","}\\n\\","</style>\\n\\","<style>\\n\\","/*csslint\\n\\","*/\\n\\","textarea {\\n\\","    font-family: monospace;\\n\\","    height: 10rem;\\n\\","    width: 100%;\\n\\","}\\n\\","textarea[readonly] {\\n\\","    background: #ddd;\\n\\","}\\n\\","</style>\\n\\","</head>\\n\\","<body>\\n\\","<!-- utility2-comment\\n\\","<div id=\"ajaxProgressDiv1\" style=\"background: #d00; height: 2px; left: 0; margin: 0; padding: 0; position: fixed; top: 0; transition: background 0.5s, width 1.5s; width: 25%;\"></div>\\n\\","utility2-comment -->\\n\\","<h1>\\n\\","<!-- utility2-comment\\n\\","    <a\\n\\","        {{#if env.npm_package_homepage}}\\n\\","        href=\"{{env.npm_package_homepage}}\"\\n\\","        {{/if env.npm_package_homepage}}\\n\\","        target=\"_blank\"\\n\\","    >\\n\\","utility2-comment -->\\n\\","        {{env.npm_package_name}} (v{{env.npm_package_version}})\\n\\","<!-- utility2-comment\\n\\","    </a>\\n\\","utility2-comment -->\\n\\","</h1>\\n\\","<h3>{{env.npm_package_description}}</h3>\\n\\","<!-- utility2-comment\\n\\","<h4><a download href=\"assets.app.js\">download standalone app</a></h4>\\n\\","<button class=\"onclick onreset\" id=\"testRunButton1\">run internal test</button><br>\\n\\","<div id=\"testReportDiv1\" style=\"display: none;\"></div>\\n\\","utility2-comment -->\\n\\","\\n\\","\\n\\","\\n\\","<label>stderr and stdout</label>\\n\\","<textarea class=\"resettable\" id=\"outputTextareaStdout1\" readonly></textarea>\\n\\","<!-- utility2-comment\\n\\","{{#if isRollup}}\\n\\","<script src=\"assets.app.js\"></script>\\n\\","{{#unless isRollup}}\\n\\","utility2-comment -->\\n\\","<script src=\"assets.utility2.rollup.js\"></script>\\n\\","<script src=\"jsonp.utility2._stateInit?callback=window.utility2._stateInit\"></script>\\n\\","<script src=\"assets.npmtest_bigpipe.rollup.js\"></script>\\n\\","<script src=\"assets.example.js\"></script>\\n\\","<script src=\"assets.test.js\"></script>\\n\\","<!-- utility2-comment\\n\\","{{/if isRollup}}\\n\\","utility2-comment -->\\n\\","<div class=\"utility2FooterDiv\">\\n\\","    [ this app was created with\\n\\","    <a href=\"https://github.com/kaizhu256/node-utility2\" target=\"_blank\">utility2</a>\\n\\","    ]\\n\\","</div>\\n\\","</body>\\n\\","</html>\\n\\","';","        /* jslint-ignore-end */","        if (local.templateRender) {","            local.assetsDict['/'] = local.templateRender(","                local.assetsDict['/assets.index.template.html'],","                {","                    env: local.objectSetDefault(local.env, {","                        npm_package_description: 'the greatest app in the world!',","                        npm_package_name: 'my-app',","                        npm_package_nameAlias: 'my_app',","                        npm_package_version: '0.0.1'","                    })","                }","            );","        } else {","            local.assetsDict['/'] = local.assetsDict['/assets.index.template.html']","                .replace((/\\{\\{env\\.(\\w+?)\\}\\}/g), function (match0, match1) {","                    // jslint-hack","                    String(match0);","                    switch (match1) {","                    case 'npm_package_description':","                        return 'the greatest app in the world!';","                    case 'npm_package_name':","                        return 'my-app';","                    case 'npm_package_nameAlias':","                        return 'my_app';","                    case 'npm_package_version':","                        return '0.0.1';","                    }","                });","        }","        // run the cli","        if (local.global.utility2_rollup || module !== require.main) {","            break;","        }","        local.assetsDict['/assets.example.js'] =","            local.assetsDict['/assets.example.js'] ||","            local.fs.readFileSync(__filename, 'utf8');","        // bug-workaround - long $npm_package_buildCustomOrg","        /* jslint-ignore-begin */","        local.assetsDict['/assets.npmtest_bigpipe.rollup.js'] =","            local.assetsDict['/assets.npmtest_bigpipe.rollup.js'] ||","            local.fs.readFileSync(","                local.npmtest_bigpipe.__dirname + '/lib.npmtest_bigpipe.js',","                'utf8'","            ).replace((/^#!/), '//');","        /* jslint-ignore-end */","        local.assetsDict['/favicon.ico'] = local.assetsDict['/favicon.ico'] || '';","        // if $npm_config_timeout_exit exists,","        // then exit this process after $npm_config_timeout_exit ms","        if (Number(process.env.npm_config_timeout_exit)) {","            setTimeout(process.exit, Number(process.env.npm_config_timeout_exit));","        }","        // start server","        if (local.global.utility2_serverHttp1) {","            break;","        }","        process.env.PORT = process.env.PORT || '8081';","        console.error('server starting on port ' + process.env.PORT);","        local.http.createServer(function (request, response) {","            request.urlParsed = local.url.parse(request.url);","            if (local.assetsDict[request.urlParsed.pathname] !== undefined) {","                response.end(local.assetsDict[request.urlParsed.pathname]);","                return;","            }","            response.statusCode = 404;","            response.end();","        }).listen(process.env.PORT);","        break;","    }","}());",""],"l":{"26":2,"28":2,"33":2,"35":2,"37":2,"38":2,"39":2,"44":1,"51":2,"55":2,"59":2,"61":2,"69":1,"70":2,"76":2,"79":2,"82":2,"83":2,"85":1,"89":2,"92":1,"93":1,"94":1,"96":1,"97":1,"100":1,"101":1,"103":1,"106":1,"108":2,"114":1,"116":1,"118":1,"123":1,"124":2,"125":2,"126":3,"127":3,"128":3,"129":3,"130":1,"133":3,"134":3,"139":3,"143":1,"144":3,"145":1,"149":1,"150":1,"158":1,"160":1,"161":1,"162":1,"164":1,"166":1,"258":1,"259":1,"271":1,"274":6,"275":6,"277":1,"279":2,"281":1,"283":2,"288":1,"289":1,"291":1,"296":1,"303":1,"306":1,"307":1,"310":1,"311":1,"313":1,"314":1,"315":1,"316":1,"317":1,"318":1,"319":1,"321":1,"322":1,"324":1}},"/home/travis/build/npmtest/node-npmtest-bigpipe/node_modules/bigpipe/index.js":{"path":"/home/travis/build/npmtest/node-npmtest-bigpipe/node_modules/bigpipe/index.js","s":{"1":1,"2":1,"3":1,"4":0,"5":0,"6":0,"7":0,"8":0,"9":0,"10":0,"11":0,"12":1,"13":0,"14":0,"15":0,"16":0,"17":0,"18":0,"19":0,"20":0,"21":0,"22":0,"23":0,"24":0,"25":0,"26":0,"27":0,"28":1,"29":1,"30":0,"31":0,"32":0,"33":0,"34":0,"35":0,"36":1,"37":1,"38":0,"39":0,"40":0,"41":0,"42":1,"43":0,"44":0,"45":0,"46":0,"47":0,"48":0,"49":0,"50":0,"51":0,"52":0,"53":0,"54":0,"55":0,"56":1,"57":0,"58":0,"59":0,"60":0,"61":0,"62":0,"63":0,"64":0,"65":0,"66":0,"67":0,"68":0,"69":0,"70":0,"71":0,"72":0,"73":0,"74":0,"75":0,"76":0,"77":0,"78":0,"79":0,"80":0,"81":0,"82":0,"83":0,"84":0,"85":1,"86":0,"87":0,"88":0,"89":0,"90":0,"91":1,"92":0,"93":0,"94":0,"95":0,"96":0,"97":0,"98":0,"99":0,"100":0,"101":0,"102":1,"103":0,"104":0,"105":0,"106":1,"107":0,"108":0,"109":0,"110":0,"111":0,"112":0,"113":0,"114":0,"115":0,"116":0,"117":0,"118":0,"119":0,"120":0,"121":0,"122":0,"123":0,"124":0,"125":0,"126":0,"127":0,"128":0,"129":0,"130":0,"131":0,"132":0,"133":0,"134":0,"135":0,"136":0,"137":0,"138":1,"139":0,"140":0,"141":0,"142":0,"143":1,"144":0,"145":0,"146":0,"147":0,"148":0,"149":0,"150":0,"151":1,"152":0,"153":0,"154":0,"155":0,"156":0,"157":0,"158":0,"159":0,"160":0,"161":0,"162":0,"163":0,"164":0,"165":0,"166":0,"167":0,"168":0,"169":0,"170":0,"171":0,"172":0,"173":0,"174":0,"175":0,"176":0,"177":0,"178":1,"179":0,"180":0,"181":0,"182":0,"183":0,"184":0,"185":0,"186":0,"187":0,"188":0,"189":0,"190":1,"191":0,"192":0,"193":0,"194":0,"195":0,"196":0,"197":0,"198":0,"199":0,"200":0,"201":0,"202":0,"203":0,"204":0,"205":0,"206":0,"207":0,"208":0,"209":1,"210":0,"211":0,"212":0,"213":0,"214":0,"215":0,"216":0,"217":0,"218":0,"219":0,"220":0,"221":0,"222":0,"223":1,"224":0,"225":0,"226":0,"227":0,"228":0,"229":0,"230":0,"231":0,"232":0,"233":0,"234":0,"235":0,"236":0,"237":0,"238":0,"239":0,"240":1,"241":0,"242":0,"243":0,"244":0,"245":0,"246":0,"247":0,"248":0,"249":0,"250":0,"251":0,"252":0,"253":0,"254":0,"255":0,"256":0,"257":0,"258":0,"259":0,"260":0,"261":0,"262":0,"263":0,"264":0,"265":0,"266":0,"267":0,"268":0,"269":1,"270":0,"271":0,"272":1,"273":0,"274":0,"275":1,"276":0,"277":0,"278":0,"279":0,"280":0,"281":0,"282":0,"283":0,"284":1},"b":{"1":[0,0],"2":[0,0],"3":[0,0],"4":[0,0],"5":[0,0],"6":[0,0],"7":[0,0],"8":[0,0],"9":[0,0],"10":[0,0,0],"11":[0,0],"12":[0,0,0],"13":[0,0],"14":[0,0],"15":[0,0],"16":[0,0],"17":[0,0],"18":[0,0],"19":[0,0],"20":[0,0],"21":[0,0],"22":[0,0],"23":[0,0],"24":[0,0],"25":[0,0],"26":[0,0],"27":[0,0],"28":[0,0],"29":[0,0],"30":[0,0],"31":[0,0],"32":[0,0],"33":[0,0],"34":[0,0],"35":[0,0],"36":[0,0],"37":[0,0],"38":[0,0],"39":[0,0],"40":[0,0],"41":[0,0],"42":[0,0],"43":[0,0],"44":[0,0],"45":[0,0],"46":[0,0],"47":[0,0],"48":[0,0],"49":[0,0],"50":[0,0],"51":[0,0],"52":[0,0],"53":[0,0],"54":[0,0],"55":[0,0],"56":[0,0],"57":[0,0,0],"58":[0,0],"59":[0,0],"60":[0,0],"61":[0,0],"62":[0,0],"63":[0,0],"64":[0,0],"65":[0,0],"66":[0,0],"67":[0,0],"68":[0,0],"69":[0,0],"70":[0,0],"71":[0,0],"72":[0,0],"73":[0,0],"74":[0,0],"75":[0,0],"76":[0,0],"77":[0,0]},"f":{"1":0,"2":0,"3":0,"4":0,"5":0,"6":0,"7":0,"8":0,"9":0,"10":0,"11":0,"12":0,"13":0,"14":0,"15":0,"16":0,"17":0,"18":0,"19":0,"20":0,"21":0,"22":0,"23":0,"24":0,"25":0,"26":0,"27":0,"28":0,"29":0,"30":0,"31":0,"32":0,"33":0,"34":0,"35":0,"36":0,"37":0,"38":0,"39":0,"40":0,"41":0,"42":0,"43":0,"44":0,"45":0,"46":0,"47":0,"48":0,"49":0,"50":0,"51":0,"52":0},"fnMap":{"1":{"name":"configure","line":22,"loc":{"start":{"line":22,"column":0},"end":{"line":22,"column":24}}},"2":{"name":"get","line":30,"loc":{"start":{"line":30,"column":2},"end":{"line":30,"column":28}}},"3":{"name":"merge","line":40,"loc":{"start":{"line":40,"column":14},"end":{"line":40,"column":41}}},"4":{"name":"BigPipe","line":63,"loc":{"start":{"line":63,"column":0},"end":{"line":63,"column":34}}},"5":{"name":"initialize","line":107,"loc":{"start":{"line":107,"column":31},"end":{"line":107,"column":60}}},"6":{"name":"framework","line":157,"loc":{"start":{"line":157,"column":30},"end":{"line":157,"column":60}}},"7":{"name":"listen","line":172,"loc":{"start":{"line":172,"column":27},"end":{"line":172,"column":55}}},"8":{"name":"defined","line":180,"loc":{"start":{"line":180,"column":24},"end":{"line":180,"column":46}}},"9":{"name":"discover","line":210,"loc":{"start":{"line":210,"column":29},"end":{"line":210,"column":53}}},"10":{"name":"filter","line":216,"loc":{"start":{"line":216,"column":47},"end":{"line":216,"column":72}}},"11":{"name":"eachChild","line":223,"loc":{"start":{"line":223,"column":40},"end":{"line":223,"column":68}}},"12":{"name":"(anonymous_12)","line":237,"loc":{"start":{"line":237,"column":19},"end":{"line":237,"column":44}}},"13":{"name":"found","line":248,"loc":{"start":{"line":248,"column":5},"end":{"line":248,"column":35}}},"14":{"name":"status","line":274,"loc":{"start":{"line":274,"column":27},"end":{"line":274,"column":75}}},"15":{"name":"define","line":313,"loc":{"start":{"line":313,"column":27},"end":{"line":313,"column":59}}},"16":{"name":"map","line":316,"loc":{"start":{"line":316,"column":33},"end":{"line":316,"column":61}}},"17":{"name":"fabricated","line":326,"loc":{"start":{"line":326,"column":5},"end":{"line":326,"column":40}}},"18":{"name":"bind","line":345,"loc":{"start":{"line":345,"column":25},"end":{"line":345,"column":43}}},"19":{"name":"bound","line":348,"loc":{"start":{"line":348,"column":9},"end":{"line":348,"column":42}}},"20":{"name":"router","line":362,"loc":{"start":{"line":362,"column":27},"end":{"line":362,"column":57}}},"21":{"name":"each","line":406,"loc":{"start":{"line":406,"column":3},"end":{"line":406,"column":27}}},"22":{"name":"authorize","line":424,"loc":{"start":{"line":424,"column":38},"end":{"line":424,"column":66}}},"23":{"name":"pluggable","line":450,"loc":{"start":{"line":450,"column":30},"end":{"line":450,"column":58}}},"24":{"name":"plug","line":453,"loc":{"start":{"line":453,"column":18},"end":{"line":453,"column":40}}},"25":{"name":"dispatch","line":468,"loc":{"start":{"line":468,"column":29},"end":{"line":468,"column":57}}},"26":{"name":"next","line":471,"loc":{"start":{"line":471,"column":40},"end":{"line":471,"column":68}}},"27":{"name":"use","line":518,"loc":{"start":{"line":518,"column":24},"end":{"line":518,"column":51}}},"28":{"name":"(anonymous_28)","line":550,"loc":{"start":{"line":550,"column":37},"end":{"line":550,"column":52}}},"29":{"name":"redirect","line":573,"loc":{"start":{"line":573,"column":29},"end":{"line":573,"column":83}}},"30":{"name":"bootstrap","line":607,"loc":{"start":{"line":607,"column":30},"end":{"line":607,"column":66}}},"31":{"name":"synchronous","line":686,"loc":{"start":{"line":686,"column":25},"end":{"line":686,"column":55}}},"32":{"name":"discovered","line":697,"loc":{"start":{"line":697,"column":27},"end":{"line":697,"column":49}}},"33":{"name":"render","line":701,"loc":{"start":{"line":701,"column":25},"end":{"line":701,"column":54}}},"34":{"name":"rendered","line":704,"loc":{"start":{"line":704,"column":37},"end":{"line":704,"column":71}}},"35":{"name":"done","line":710,"loc":{"start":{"line":710,"column":7},"end":{"line":710,"column":23}}},"36":{"name":"asynchronous","line":723,"loc":{"start":{"line":723,"column":26},"end":{"line":723,"column":57}}},"37":{"name":"headers","line":731,"loc":{"start":{"line":731,"column":35},"end":{"line":731,"column":59}}},"38":{"name":"discovered","line":734,"loc":{"start":{"line":734,"column":29},"end":{"line":734,"column":51}}},"39":{"name":"render","line":738,"loc":{"start":{"line":738,"column":27},"end":{"line":738,"column":56}}},"40":{"name":"rendered","line":743,"loc":{"start":{"line":743,"column":11},"end":{"line":743,"column":45}}},"41":{"name":"done","line":747,"loc":{"start":{"line":747,"column":9},"end":{"line":747,"column":30}}},"42":{"name":"pipeline","line":762,"loc":{"start":{"line":762,"column":29},"end":{"line":762,"column":56}}},"43":{"name":"headers","line":770,"loc":{"start":{"line":770,"column":35},"end":{"line":770,"column":59}}},"44":{"name":"discovered","line":773,"loc":{"start":{"line":773,"column":29},"end":{"line":773,"column":51}}},"45":{"name":"sortByPageletId","line":781,"loc":{"start":{"line":781,"column":14},"end":{"line":781,"column":45}}},"46":{"name":"returnId","line":792,"loc":{"start":{"line":792,"column":31},"end":{"line":792,"column":58}}},"47":{"name":"render","line":796,"loc":{"start":{"line":796,"column":27},"end":{"line":796,"column":56}}},"48":{"name":"rendered","line":801,"loc":{"start":{"line":801,"column":11},"end":{"line":801,"column":45}}},"49":{"name":"done","line":812,"loc":{"start":{"line":812,"column":9},"end":{"line":812,"column":30}}},"50":{"name":"capture","line":832,"loc":{"start":{"line":832,"column":28},"end":{"line":832,"column":72}}},"51":{"name":"before","line":852,"loc":{"start":{"line":852,"column":10},"end":{"line":852,"column":28}}},"52":{"name":"createServer","line":867,"loc":{"start":{"line":867,"column":23},"end":{"line":867,"column":60}}}},"statementMap":{"1":{"start":{"line":3,"column":0},"end":{"line":13,"column":27}},"2":{"start":{"line":22,"column":0},"end":{"line":45,"column":1}},"3":{"start":{"line":30,"column":2},"end":{"line":35,"column":3}},"4":{"start":{"line":31,"column":4},"end":{"line":31,"column":36}},"5":{"start":{"line":31,"column":20},"end":{"line":31,"column":36}},"6":{"start":{"line":32,"column":4},"end":{"line":32,"column":45}},"7":{"start":{"line":32,"column":27},"end":{"line":32,"column":45}},"8":{"start":{"line":34,"column":4},"end":{"line":34,"column":20}},"9":{"start":{"line":40,"column":2},"end":{"line":42,"column":4}},"10":{"start":{"line":41,"column":4},"end":{"line":41,"column":52}},"11":{"start":{"line":44,"column":2},"end":{"line":44,"column":13}},"12":{"start":{"line":63,"column":0},"end":{"line":93,"column":1}},"13":{"start":{"line":64,"column":2},"end":{"line":64,"column":49}},"14":{"start":{"line":64,"column":13},"end":{"line":64,"column":49}},"15":{"start":{"line":65,"column":2},"end":{"line":65,"column":14}},"16":{"start":{"line":67,"column":2},"end":{"line":67,"column":37}},"17":{"start":{"line":69,"column":2},"end":{"line":69,"column":22}},"18":{"start":{"line":70,"column":2},"end":{"line":70,"column":24}},"19":{"start":{"line":71,"column":2},"end":{"line":71,"column":26}},"20":{"start":{"line":72,"column":2},"end":{"line":72,"column":28}},"21":{"start":{"line":73,"column":2},"end":{"line":73,"column":38}},"22":{"start":{"line":74,"column":2},"end":{"line":74,"column":40}},"23":{"start":{"line":75,"column":2},"end":{"line":75,"column":42}},"24":{"start":{"line":76,"column":2},"end":{"line":76,"column":39}},"25":{"start":{"line":82,"column":2},"end":{"line":85,"column":5}},"26":{"start":{"line":91,"column":2},"end":{"line":91,"column":37}},"27":{"start":{"line":92,"column":2},"end":{"line":92,"column":27}},"28":{"start":{"line":98,"column":0},"end":{"line":98,"column":40}},"29":{"start":{"line":107,"column":0},"end":{"line":140,"column":3}},"30":{"start":{"line":113,"column":2},"end":{"line":113,"column":68}},"31":{"start":{"line":114,"column":2},"end":{"line":114,"column":61}},"32":{"start":{"line":115,"column":2},"end":{"line":115,"column":56}},"33":{"start":{"line":122,"column":2},"end":{"line":128,"column":5}},"34":{"start":{"line":133,"column":2},"end":{"line":133,"column":50}},"35":{"start":{"line":139,"column":2},"end":{"line":139,"column":48}},"36":{"start":{"line":148,"column":0},"end":{"line":148,"column":73}},"37":{"start":{"line":157,"column":0},"end":{"line":162,"column":3}},"38":{"start":{"line":158,"column":2},"end":{"line":158,"column":49}},"39":{"start":{"line":158,"column":23},"end":{"line":158,"column":49}},"40":{"start":{"line":159,"column":2},"end":{"line":159,"column":40}},"41":{"start":{"line":161,"column":2},"end":{"line":161,"column":14}},"42":{"start":{"line":172,"column":0},"end":{"line":200,"column":3}},"43":{"start":{"line":173,"column":2},"end":{"line":174,"column":21}},"44":{"start":{"line":180,"column":2},"end":{"line":197,"column":5}},"45":{"start":{"line":181,"column":4},"end":{"line":186,"column":5}},"46":{"start":{"line":182,"column":6},"end":{"line":182,"column":66}},"47":{"start":{"line":184,"column":6},"end":{"line":184,"column":33}},"48":{"start":{"line":184,"column":16},"end":{"line":184,"column":33}},"49":{"start":{"line":185,"column":6},"end":{"line":185,"column":40}},"50":{"start":{"line":188,"column":4},"end":{"line":188,"column":64}},"51":{"start":{"line":189,"column":4},"end":{"line":189,"column":66}},"52":{"start":{"line":190,"column":4},"end":{"line":190,"column":56}},"53":{"start":{"line":195,"column":4},"end":{"line":195,"column":92}},"54":{"start":{"line":196,"column":4},"end":{"line":196,"column":39}},"55":{"start":{"line":199,"column":2},"end":{"line":199,"column":17}},"56":{"start":{"line":210,"column":0},"end":{"line":263,"column":3}},"57":{"start":{"line":211,"column":2},"end":{"line":213,"column":18}},"58":{"start":{"line":215,"column":2},"end":{"line":215,"column":87}},"59":{"start":{"line":216,"column":2},"end":{"line":235,"column":20}},"60":{"start":{"line":217,"column":4},"end":{"line":218,"column":44}},"61":{"start":{"line":223,"column":4},"end":{"line":226,"column":7}},"62":{"start":{"line":224,"column":6},"end":{"line":224,"column":35}},"63":{"start":{"line":225,"column":6},"end":{"line":225,"column":40}},"64":{"start":{"line":225,"column":19},"end":{"line":225,"column":40}},"65":{"start":{"line":231,"column":4},"end":{"line":234,"column":36}},"66":{"start":{"line":231,"column":49},"end":{"line":231,"column":68}},"67":{"start":{"line":232,"column":9},"end":{"line":234,"column":36}},"68":{"start":{"line":232,"column":54},"end":{"line":232,"column":73}},"69":{"start":{"line":233,"column":9},"end":{"line":234,"column":36}},"70":{"start":{"line":233,"column":63},"end":{"line":233,"column":82}},"71":{"start":{"line":234,"column":9},"end":{"line":234,"column":36}},"72":{"start":{"line":234,"column":21},"end":{"line":234,"column":36}},"73":{"start":{"line":237,"column":2},"end":{"line":260,"column":5}},"74":{"start":{"line":238,"column":4},"end":{"line":238,"column":69}},"75":{"start":{"line":238,"column":37},"end":{"line":238,"column":69}},"76":{"start":{"line":240,"column":4},"end":{"line":240,"column":88}},"77":{"start":{"line":241,"column":4},"end":{"line":247,"column":13}},"78":{"start":{"line":249,"column":4},"end":{"line":249,"column":34}},"79":{"start":{"line":249,"column":15},"end":{"line":249,"column":34}},"80":{"start":{"line":251,"column":4},"end":{"line":251,"column":42}},"81":{"start":{"line":252,"column":4},"end":{"line":252,"column":42}},"82":{"start":{"line":253,"column":4},"end":{"line":253,"column":35}},"83":{"start":{"line":259,"column":4},"end":{"line":259,"column":70}},"84":{"start":{"line":262,"column":2},"end":{"line":262,"column":14}},"85":{"start":{"line":274,"column":0},"end":{"line":301,"column":3}},"86":{"start":{"line":275,"column":2},"end":{"line":277,"column":3}},"87":{"start":{"line":276,"column":4},"end":{"line":276,"column":79}},"88":{"start":{"line":284,"column":2},"end":{"line":290,"column":25}},"89":{"start":{"line":284,"column":18},"end":{"line":290,"column":25}},"90":{"start":{"line":295,"column":2},"end":{"line":300,"column":12}},"91":{"start":{"line":313,"column":0},"end":{"line":334,"column":3}},"92":{"start":{"line":314,"column":2},"end":{"line":314,"column":21}},"93":{"start":{"line":316,"column":2},"end":{"line":331,"column":5}},"94":{"start":{"line":317,"column":4},"end":{"line":317,"column":62}},"95":{"start":{"line":317,"column":48},"end":{"line":317,"column":62}},"96":{"start":{"line":319,"column":4},"end":{"line":325,"column":13}},"97":{"start":{"line":327,"column":4},"end":{"line":327,"column":30}},"98":{"start":{"line":327,"column":13},"end":{"line":327,"column":30}},"99":{"start":{"line":329,"column":4},"end":{"line":329,"column":78}},"100":{"start":{"line":330,"column":4},"end":{"line":330,"column":27}},"101":{"start":{"line":333,"column":2},"end":{"line":333,"column":14}},"102":{"start":{"line":345,"column":0},"end":{"line":351,"column":3}},"103":{"start":{"line":346,"column":2},"end":{"line":346,"column":21}},"104":{"start":{"line":348,"column":2},"end":{"line":350,"column":4}},"105":{"start":{"line":349,"column":4},"end":{"line":349,"column":39}},"106":{"start":{"line":362,"column":0},"end":{"line":441,"column":3}},"107":{"start":{"line":363,"column":2},"end":{"line":369,"column":14}},"108":{"start":{"line":374,"column":2},"end":{"line":395,"column":3}},"109":{"start":{"line":375,"column":4},"end":{"line":389,"column":5}},"110":{"start":{"line":375,"column":12},"end":{"line":382,"column":5}},"111":{"start":{"line":376,"column":6},"end":{"line":376,"column":28}},"112":{"start":{"line":378,"column":6},"end":{"line":381,"column":7}},"113":{"start":{"line":379,"column":8},"end":{"line":379,"column":28}},"114":{"start":{"line":380,"column":8},"end":{"line":380,"column":14}},"115":{"start":{"line":382,"column":11},"end":{"line":389,"column":5}},"116":{"start":{"line":383,"column":6},"end":{"line":383,"column":28}},"117":{"start":{"line":385,"column":6},"end":{"line":385,"column":59}},"118":{"start":{"line":385,"column":50},"end":{"line":385,"column":59}},"119":{"start":{"line":386,"column":6},"end":{"line":386,"column":82}},"120":{"start":{"line":386,"column":73},"end":{"line":386,"column":82}},"121":{"start":{"line":388,"column":6},"end":{"line":388,"column":26}},"122":{"start":{"line":391,"column":4},"end":{"line":394,"column":5}},"123":{"start":{"line":392,"column":6},"end":{"line":392,"column":34}},"124":{"start":{"line":393,"column":6},"end":{"line":393,"column":85}},"125":{"start":{"line":400,"column":2},"end":{"line":400,"column":37}},"126":{"start":{"line":406,"column":2},"end":{"line":438,"column":21}},"127":{"start":{"line":407,"column":4},"end":{"line":415,"column":11}},"128":{"start":{"line":417,"column":4},"end":{"line":417,"column":82}},"129":{"start":{"line":423,"column":4},"end":{"line":434,"column":5}},"130":{"start":{"line":424,"column":6},"end":{"line":433,"column":9}},"131":{"start":{"line":425,"column":8},"end":{"line":429,"column":10}},"132":{"start":{"line":431,"column":8},"end":{"line":431,"column":65}},"133":{"start":{"line":431,"column":21},"end":{"line":431,"column":65}},"134":{"start":{"line":432,"column":8},"end":{"line":432,"column":23}},"135":{"start":{"line":436,"column":4},"end":{"line":436,"column":52}},"136":{"start":{"line":437,"column":4},"end":{"line":437,"column":41}},"137":{"start":{"line":440,"column":2},"end":{"line":440,"column":14}},"138":{"start":{"line":450,"column":0},"end":{"line":458,"column":3}},"139":{"start":{"line":451,"column":2},"end":{"line":451,"column":21}},"140":{"start":{"line":453,"column":2},"end":{"line":455,"column":5}},"141":{"start":{"line":454,"column":4},"end":{"line":454,"column":24}},"142":{"start":{"line":457,"column":2},"end":{"line":457,"column":14}},"143":{"start":{"line":468,"column":0},"end":{"line":477,"column":3}},"144":{"start":{"line":469,"column":2},"end":{"line":469,"column":21}},"145":{"start":{"line":471,"column":2},"end":{"line":476,"column":5}},"146":{"start":{"line":472,"column":4},"end":{"line":472,"column":80}},"147":{"start":{"line":472,"column":15},"end":{"line":472,"column":80}},"148":{"start":{"line":473,"column":4},"end":{"line":473,"column":73}},"149":{"start":{"line":473,"column":15},"end":{"line":473,"column":73}},"150":{"start":{"line":475,"column":4},"end":{"line":475,"column":29}},"151":{"start":{"line":518,"column":0},"end":{"line":564,"column":3}},"152":{"start":{"line":519,"column":2},"end":{"line":522,"column":3}},"153":{"start":{"line":520,"column":4},"end":{"line":520,"column":18}},"154":{"start":{"line":521,"column":4},"end":{"line":521,"column":23}},"155":{"start":{"line":524,"column":2},"end":{"line":524,"column":72}},"156":{"start":{"line":524,"column":13},"end":{"line":524,"column":72}},"157":{"start":{"line":525,"column":2},"end":{"line":525,"column":84}},"158":{"start":{"line":525,"column":32},"end":{"line":525,"column":84}},"159":{"start":{"line":526,"column":2},"end":{"line":526,"column":59}},"160":{"start":{"line":526,"column":34},"end":{"line":526,"column":59}},"161":{"start":{"line":531,"column":2},"end":{"line":533,"column":3}},"162":{"start":{"line":532,"column":4},"end":{"line":532,"column":63}},"163":{"start":{"line":538,"column":2},"end":{"line":540,"column":3}},"164":{"start":{"line":539,"column":4},"end":{"line":539,"column":74}},"165":{"start":{"line":542,"column":2},"end":{"line":544,"column":3}},"166":{"start":{"line":543,"column":4},"end":{"line":543,"column":105}},"167":{"start":{"line":550,"column":2},"end":{"line":553,"column":5}},"168":{"start":{"line":551,"column":4},"end":{"line":551,"column":54}},"169":{"start":{"line":551,"column":47},"end":{"line":551,"column":54}},"170":{"start":{"line":552,"column":4},"end":{"line":552,"column":22}},"171":{"start":{"line":555,"column":2},"end":{"line":555,"column":35}},"172":{"start":{"line":557,"column":2},"end":{"line":557,"column":31}},"173":{"start":{"line":558,"column":2},"end":{"line":558,"column":34}},"174":{"start":{"line":558,"column":22},"end":{"line":558,"column":34}},"175":{"start":{"line":560,"column":2},"end":{"line":560,"column":44}},"176":{"start":{"line":561,"column":2},"end":{"line":561,"column":48}},"177":{"start":{"line":563,"column":2},"end":{"line":563,"column":14}},"178":{"start":{"line":573,"column":0},"end":{"line":594,"column":3}},"179":{"start":{"line":574,"column":2},"end":{"line":574,"column":26}},"180":{"start":{"line":576,"column":2},"end":{"line":576,"column":43}},"181":{"start":{"line":577,"column":2},"end":{"line":577,"column":47}},"182":{"start":{"line":582,"column":2},"end":{"line":588,"column":3}},"183":{"start":{"line":583,"column":4},"end":{"line":583,"column":49}},"184":{"start":{"line":584,"column":4},"end":{"line":584,"column":71}},"185":{"start":{"line":585,"column":4},"end":{"line":587,"column":18}},"186":{"start":{"line":590,"column":2},"end":{"line":590,"column":21}},"187":{"start":{"line":592,"column":2},"end":{"line":592,"column":59}},"188":{"start":{"line":592,"column":39},"end":{"line":592,"column":59}},"189":{"start":{"line":593,"column":2},"end":{"line":593,"column":54}},"190":{"start":{"line":607,"column":0},"end":{"line":674,"column":3}},"191":{"start":{"line":608,"column":2},"end":{"line":608,"column":26}},"192":{"start":{"line":609,"column":2},"end":{"line":609,"column":26}},"193":{"start":{"line":616,"column":2},"end":{"line":616,"column":32}},"194":{"start":{"line":616,"column":20},"end":{"line":616,"column":32}},"195":{"start":{"line":622,"column":2},"end":{"line":622,"column":36}},"196":{"start":{"line":636,"column":2},"end":{"line":642,"column":3}},"197":{"start":{"line":640,"column":4},"end":{"line":640,"column":87}},"198":{"start":{"line":641,"column":4},"end":{"line":641,"column":24}},"199":{"start":{"line":648,"column":2},"end":{"line":657,"column":5}},"200":{"start":{"line":659,"column":2},"end":{"line":659,"column":42}},"201":{"start":{"line":661,"column":2},"end":{"line":671,"column":3}},"202":{"start":{"line":662,"column":4},"end":{"line":668,"column":5}},"203":{"start":{"line":663,"column":6},"end":{"line":663,"column":70}},"204":{"start":{"line":664,"column":6},"end":{"line":664,"column":47}},"205":{"start":{"line":666,"column":6},"end":{"line":666,"column":25}},"206":{"start":{"line":667,"column":6},"end":{"line":667,"column":19}},"207":{"start":{"line":670,"column":4},"end":{"line":670,"column":17}},"208":{"start":{"line":673,"column":2},"end":{"line":673,"column":14}},"209":{"start":{"line":686,"column":0},"end":{"line":714,"column":3}},"210":{"start":{"line":687,"column":2},"end":{"line":688,"column":15}},"211":{"start":{"line":696,"column":2},"end":{"line":696,"column":29}},"212":{"start":{"line":697,"column":2},"end":{"line":713,"column":16}},"213":{"start":{"line":698,"column":4},"end":{"line":698,"column":60}},"214":{"start":{"line":700,"column":4},"end":{"line":700,"column":67}},"215":{"start":{"line":701,"column":4},"end":{"line":712,"column":7}},"216":{"start":{"line":702,"column":6},"end":{"line":702,"column":75}},"217":{"start":{"line":704,"column":6},"end":{"line":709,"column":9}},"218":{"start":{"line":705,"column":8},"end":{"line":705,"column":63}},"219":{"start":{"line":705,"column":19},"end":{"line":705,"column":63}},"220":{"start":{"line":707,"column":8},"end":{"line":707,"column":29}},"221":{"start":{"line":708,"column":8},"end":{"line":708,"column":15}},"222":{"start":{"line":711,"column":6},"end":{"line":711,"column":39}},"223":{"start":{"line":723,"column":0},"end":{"line":753,"column":3}},"224":{"start":{"line":724,"column":2},"end":{"line":725,"column":15}},"225":{"start":{"line":731,"column":2},"end":{"line":752,"column":5}},"226":{"start":{"line":732,"column":4},"end":{"line":732,"column":60}},"227":{"start":{"line":732,"column":15},"end":{"line":732,"column":60}},"228":{"start":{"line":734,"column":4},"end":{"line":751,"column":18}},"229":{"start":{"line":735,"column":6},"end":{"line":735,"column":63}},"230":{"start":{"line":737,"column":6},"end":{"line":737,"column":69}},"231":{"start":{"line":738,"column":6},"end":{"line":750,"column":9}},"232":{"start":{"line":739,"column":8},"end":{"line":739,"column":77}},"233":{"start":{"line":741,"column":8},"end":{"line":746,"column":11}},"234":{"start":{"line":744,"column":10},"end":{"line":744,"column":72}},"235":{"start":{"line":744,"column":21},"end":{"line":744,"column":72}},"236":{"start":{"line":745,"column":10},"end":{"line":745,"column":43}},"237":{"start":{"line":748,"column":8},"end":{"line":748,"column":49}},"238":{"start":{"line":748,"column":19},"end":{"line":748,"column":49}},"239":{"start":{"line":749,"column":8},"end":{"line":749,"column":22}},"240":{"start":{"line":762,"column":0},"end":{"line":818,"column":3}},"241":{"start":{"line":763,"column":2},"end":{"line":764,"column":15}},"242":{"start":{"line":770,"column":2},"end":{"line":817,"column":5}},"243":{"start":{"line":771,"column":4},"end":{"line":771,"column":60}},"244":{"start":{"line":771,"column":15},"end":{"line":771,"column":60}},"245":{"start":{"line":773,"column":4},"end":{"line":816,"column":18}},"246":{"start":{"line":774,"column":6},"end":{"line":774,"column":63}},"247":{"start":{"line":779,"column":6},"end":{"line":785,"column":11}},"248":{"start":{"line":782,"column":10},"end":{"line":782,"column":37}},"249":{"start":{"line":782,"column":27},"end":{"line":782,"column":37}},"250":{"start":{"line":783,"column":10},"end":{"line":783,"column":36}},"251":{"start":{"line":783,"column":27},"end":{"line":783,"column":36}},"252":{"start":{"line":784,"column":10},"end":{"line":784,"column":19}},"253":{"start":{"line":792,"column":6},"end":{"line":794,"column":16}},"254":{"start":{"line":792,"column":60},"end":{"line":792,"column":78}},"255":{"start":{"line":796,"column":6},"end":{"line":815,"column":9}},"256":{"start":{"line":797,"column":8},"end":{"line":797,"column":77}},"257":{"start":{"line":799,"column":8},"end":{"line":811,"column":11}},"258":{"start":{"line":802,"column":10},"end":{"line":802,"column":72}},"259":{"start":{"line":802,"column":21},"end":{"line":802,"column":72}},"260":{"start":{"line":803,"column":10},"end":{"line":803,"column":52}},"261":{"start":{"line":805,"column":10},"end":{"line":808,"column":11}},"262":{"start":{"line":806,"column":12},"end":{"line":806,"column":42}},"263":{"start":{"line":806,"column":28},"end":{"line":806,"column":42}},"264":{"start":{"line":807,"column":12},"end":{"line":807,"column":43}},"265":{"start":{"line":810,"column":10},"end":{"line":810,"column":17}},"266":{"start":{"line":813,"column":8},"end":{"line":813,"column":49}},"267":{"start":{"line":813,"column":19},"end":{"line":813,"column":49}},"268":{"start":{"line":814,"column":8},"end":{"line":814,"column":22}},"269":{"start":{"line":832,"column":0},"end":{"line":840,"column":3}},"270":{"start":{"line":833,"column":2},"end":{"line":837,"column":4}},"271":{"start":{"line":839,"column":2},"end":{"line":839,"column":62}},"272":{"start":{"line":848,"column":0},"end":{"line":857,"column":4}},"273":{"start":{"line":853,"column":4},"end":{"line":854,"column":16}},"274":{"start":{"line":853,"column":10},"end":{"line":853,"column":31}},"275":{"start":{"line":867,"column":0},"end":{"line":889,"column":2}},"276":{"start":{"line":868,"column":2},"end":{"line":868,"column":60}},"277":{"start":{"line":869,"column":2},"end":{"line":869,"column":81}},"278":{"start":{"line":869,"column":60},"end":{"line":869,"column":81}},"279":{"start":{"line":871,"column":2},"end":{"line":872,"column":14}},"280":{"start":{"line":879,"column":2},"end":{"line":879,"column":25}},"281":{"start":{"line":880,"column":2},"end":{"line":880,"column":38}},"282":{"start":{"line":881,"column":2},"end":{"line":881,"column":68}},"283":{"start":{"line":888,"column":2},"end":{"line":888,"column":57}},"284":{"start":{"line":894,"column":0},"end":{"line":894,"column":25}}},"branchMap":{"1":{"line":31,"type":"if","locations":[{"start":{"line":31,"column":4},"end":{"line":31,"column":4}},{"start":{"line":31,"column":4},"end":{"line":31,"column":4}}]},"2":{"line":32,"type":"if","locations":[{"start":{"line":32,"column":4},"end":{"line":32,"column":4}},{"start":{"line":32,"column":4},"end":{"line":32,"column":4}}]},"3":{"line":64,"type":"if","locations":[{"start":{"line":64,"column":2},"end":{"line":64,"column":2}},{"start":{"line":64,"column":2},"end":{"line":64,"column":2}}]},"4":{"line":67,"type":"binary-expr","locations":[{"start":{"line":67,"column":22},"end":{"line":67,"column":29}},{"start":{"line":67,"column":33},"end":{"line":67,"column":35}}]},"5":{"line":158,"type":"if","locations":[{"start":{"line":158,"column":2},"end":{"line":158,"column":2}},{"start":{"line":158,"column":2},"end":{"line":158,"column":2}}]},"6":{"
[...]
 * @return {Boolean}"," * @api private"," */","Collection.readable('isFile', function (file) {","  return !!(file && file.constructor && 'File' === file.constructor.name);","});","","/**"," * Getter and Setter logic around providing a method that will be used toString"," * the Files in the Collection."," *"," * @type {Function}"," * @api public"," */","Collection.set('toString', function get() {","  var collection = this;","","  return function toString() {","    return collection.stack.reduce(function stringify(memo, file) {","      return memo + collection._toString(file);","    }, '');","  };","}, function set(method) {","  if ('function' !== typeof method) return;","  this._toString = method;","});","","//","// Expose the Collection constructor.","//","module.exports = Collection;"],"l":{"3":1,"12":1,"13":0,"15":0,"16":0,"22":0,"23":0,"26":0,"32":1,"41":1,"42":0,"43":0,"45":0,"54":1,"55":0,"56":0,"67":1,"68":0,"69":0,"71":0,"80":1,"81":0,"91":1,"92":0,"94":0,"95":0,"96":0,"100":0,"101":0,"107":1}},"/home/travis/build/npmtest/node-npmtest-bigpipe/node_modules/bigpipe/lib/file.js":{"path":"/home/travis/build/npmtest/node-npmtest-bigpipe/node_modules/bigpipe/lib/file.js","s":{"1":1,"2":1,"3":0,"4":0,"5":0,"6":0,"7":0,"8":0,"9":0,"10":0,"11":0,"12":0,"13":0,"14":0,"15":0,"16":0,"17":0,"18":0,"19":0,"20":0,"21":0,"22":0,"23":0,"24":0,"25":0,"26":0,"27":1,"28":1,"29":0,"30":0,"31":0,"32":1,"33":0,"34":0,"35":0,"36":1,"37":0,"38":0,"39":0,"40":0,"41":0,"42":0,"43":1,"44":0,"45":1,"46":0,"47":1,"48":0,"49":1,"50":0,"51":0,"52":0,"53":1,"54":0,"55":0,"56":0,"57":1,"58":1},"b":{"1":[0,0],"2":[0,0],"3":[0,0],"4":[0,0],"5":[0,0],"6":[0,0],"7":[0,0],"8":[0,0],"9":[0,0],"10":[0,0],"11":[0,0],"12":[0,0],"13":[0,0],"14":[0,0],"15":[0,0],"16":[0,0]},"f":{"1":0,"2":0,"3":0,"4":0,"5":0,"6":0,"7":0,"8":0,"9":0},"fnMap":{"1":{"name":"File","line":23,"loc":{"start":{"line":23,"column":0},"end":{"line":23,"column":33}}},"2":{"name":"get","line":80,"loc":{"start":{"line":80,"column":7},"end":{"line":80,"column":22}}},"3":{"name":"get","line":94,"loc":{"start":{"line":94,"column":7},"end":{"line":94,"column":22}}},"4":{"name":"set","line":107,"loc":{"start":{"line":107,"column":21},"end":{"line":107,"column":43}}},"5":{"name":"get","line":130,"loc":{"start":{"line":130,"column":21},"end":{"line":130,"column":44}}},"6":{"name":"append","line":143,"loc":{"start":{"line":143,"column":24},"end":{"line":143,"column":55}}},"7":{"name":"encrypt","line":160,"loc":{"start":{"line":160,"column":25},"end":{"line":160,"column":48}}},"8":{"name":"is","line":171,"loc":{"start":{"line":171,"column":20},"end":{"line":171,"column":38}}},"9":{"name":"alias","line":183,"loc":{"start":{"line":183,"column":23},"end":{"line":183,"column":48}}}},"statementMap":{"1":{"start":{"line":3,"column":0},"end":{"line":5,"column":27}},"2":{"start":{"line":23,"column":0},"end":{"line":68,"column":1}},"3":{"start":{"line":24,"column":2},"end":{"line":24,"column":14}},"4":{"start":{"line":26,"column":2},"end":{"line":26,"column":26}},"5":{"start":{"line":27,"column":2},"end":{"line":27,"column":36}},"6":{"start":{"line":28,"column":2},"end":{"line":28,"column":45}},"7":{"start":{"line":29,"column":2},"end":{"line":29,"column":47}},"8":{"start":{"line":30,"column":2},"end":{"line":30,"column":51}},"9":{"start":{"line":32,"column":2},"end":{"line":32,"column":66}},"10":{"start":{"line":38,"column":2},"end":{"line":38,"column":48}},"11":{"start":{"line":39,"column":2},"end":{"line":41,"column":26}},"12":{"start":{"line":43,"column":2},"end":{"line":46,"column":6}},"13":{"start":{"line":48,"column":2},"end":{"line":48,"column":24}},"14":{"start":{"line":49,"column":2},"end":{"line":49,"column":26}},"15":{"start":{"line":50,"column":2},"end":{"line":50,"column":27}},"16":{"start":{"line":51,"column":2},"end":{"line":51,"column":44}},"17":{"start":{"line":53,"column":2},"end":{"line":53,"column":28}},"18":{"start":{"line":54,"column":2},"end":{"line":54,"column":32}},"19":{"start":{"line":55,"column":2},"end":{"line":55,"column":34}},"20":{"start":{"line":56,"column":2},"end":{"line":56,"column":40}},"21":{"start":{"line":57,"column":2},"end":{"line":57,"column":46}},"22":{"start":{"line":58,"column":2},"end":{"line":58,"column":48}},"23":{"start":{"line":60,"column":2},"end":{"line":60,"column":50}},"24":{"start":{"line":61,"column":2},"end":{"line":61,"column":49}},"25":{"start":{"line":66,"column":2},"end":{"line":66,"column":41}},"26":{"start":{"line":67,"column":2},"end":{"line":67,"column":25}},"27":{"start":{"line":70,"column":0},"end":{"line":70,"column":37}},"28":{"start":{"line":78,"column":0},"end":{"line":84,"column":9}},"29":{"start":{"line":81,"column":4},"end":{"line":81,"column":59}},"30":{"start":{"line":81,"column":23},"end":{"line":81,"column":59}},"31":{"start":{"line":82,"column":4},"end":{"line":82,"column":42}},"32":{"start":{"line":92,"column":0},"end":{"line":98,"column":9}},"33":{"start":{"line":95,"column":4},"end":{"line":95,"column":31}},"34":{"start":{"line":95,"column":24},"end":{"line":95,"column":31}},"35":{"start":{"line":96,"column":4},"end":{"line":96,"column":46}},"36":{"start":{"line":107,"column":0},"end":{"line":121,"column":3}},"37":{"start":{"line":108,"column":2},"end":{"line":108,"column":40}},"38":{"start":{"line":113,"column":2},"end":{"line":115,"column":3}},"39":{"start":{"line":114,"column":4},"end":{"line":114,"column":46}},"40":{"start":{"line":117,"column":2},"end":{"line":117,"column":73}},"41":{"start":{"line":118,"column":2},"end":{"line":118,"column":35}},"42":{"start":{"line":120,"column":2},"end":{"line":120,"column":14}},"43":{"start":{"line":130,"column":0},"end":{"line":132,"column":3}},"44":{"start":{"line":131,"column":2},"end":{"line":131,"column":44}},"45":{"start":{"line":143,"column":0},"end":{"line":150,"column":3}},"46":{"start":{"line":144,"column":2},"end":{"line":149,"column":13}},"47":{"start":{"line":160,"column":0},"end":{"line":162,"column":3}},"48":{"start":{"line":161,"column":2},"end":{"line":161,"column":78}},"49":{"start":{"line":171,"column":0},"end":{"line":174,"column":3}},"50":{"start":{"line":172,"column":2},"end":{"line":172,"column":48}},"51":{"start":{"line":172,"column":30},"end":{"line":172,"column":48}},"52":{"start":{"line":173,"column":2},"end":{"line":173,"column":31}},"53":{"start":{"line":183,"column":0},"end":{"line":186,"column":3}},"54":{"start":{"line":184,"column":2},"end":{"line":184,"column":68}},"55":{"start":{"line":184,"column":40},"end":{"line":184,"column":68}},"56":{"start":{"line":185,"column":2},"end":{"line":185,"column":14}},"57":{"start":{"line":194,"column":0},"end":{"line":197,"column":3}},"58":{"start":{"line":202,"column":0},"end":{"line":202,"column":22}}},"branchMap":{"1":{"line":26,"type":"binary-expr","locations":[{"start":{"line":26,"column":12},"end":{"line":26,"column":19}},{"start":{"line":26,"column":23},"end":{"line":26,"column":25}}]},"2":{"line":27,"type":"binary-expr","locations":[{"start":{"line":27,"column":17},"end":{"line":27,"column":29}},{"start":{"line":27,"column":33},"end":{"line":27,"column":35}}]},"3":{"line":28,"type":"binary-expr","locations":[{"start":{"line":28,"column":20},"end":{"line":28,"column":35}},{"start":{"line":28,"column":39},"end":{"line":28,"column":44}}]},"4":{"line":29,"type":"binary-expr","locations":[{"start":{"line":29,"column":21},"end":{"line":29,"column":37}},{"start":{"line":29,"column":41},"end":{"line":29,"column":46}}]},"5":{"line":30,"type":"binary-expr","locations":[{"start":{"line":30,"column":23},"end":{"line":30,"column":41}},{"start":{"line":30,"column":45},"end":{"line":30,"column":50}}]},"6":{"line":32,"type":"binary-expr","locations":[{"start":{"line":32,"column":14},"end":{"line":32,"column":22}},{"start":{"line":32,"column":26},"end":{"line":32,"column":28}}]},"7":{"line":38,"type":"binary-expr","locations":[{"start":{"line":38,"column":20},"end":{"line":38,"column":35}},{"start":{"line":38,"column":39},"end":{"line":38,"column":47}}]},"8":{"line":39,"type":"cond-expr","locations":[{"start":{"line":40,"column":6},"end":{"line":40,"column":21}},{"start":{"line":41,"column":6},"end":{"line":41,"column":25}}]},"9":{"line":81,"type":"if","locations":[{"start":{"line":81,"column":4},"end":{"line":81,"column":4}},{"start":{"line":81,"column":4},"end":{"line":81,"column":4}}]},"10":{"line":95,"type":"if","locations":[{"start":{"line":95,"column":4},"end":{"line":95,"column":4}},{"start":{"line":95,"column":4},"end":{"line":95,"column":4}}]},"11":{"line":113,"type":"if","locations":[{"start":{"line":113,"column":2},"end":{"line":113,"column":2}},{"start":{"line":113,"column":2},"end":{"line":113,"column":2}}]},"12":{"line":117,"type":"cond-expr","locations":[{"start":{"line":117,"column":43},"end":{"line":117,"column":50}},{"start":{"line":117,"column":53},"end":{"line":117,"column":72}}]},"13":{"line":131,"type":"cond-expr","locations":[{"start":{"line":131,"column":20},"end":{"line":131,"column":29}},{"start":{"line":131,"column":32},"end":{"line":131,"column":43}}]},"14":{"line":147,"type":"binary-expr","locations":[{"start":{"line":147,"column":4},"end":{"line":147,"column":8}},{"start":{"line":147,"column":12},"end":{"line":147,"column":21}}]},"15":{"line":172,"type":"if","locations":[{"start":{"line":172,"column":2},"end":{"line":172,"column":2}},{"start":{"line":172,"column":2},"end":{"line":172,"column":2}}]},"16":{"line":184,"type":"if","locations":[{"start":{"line":184,"column":2},"end":{"line":184,"column":2}},{"start":{"line":184,"column":2},"end":{"line":184,"column":2}}]}},"code":["'use strict';","","var crypto = require('crypto')","  , fuse = require('fusing')","  , path = require('path');","","/**"," * Simple representation of a single file."," *"," * @constructor"," * @param {String} filepath Absolute path to file."," * @param {Object} options Set of options"," *"," * Available options:"," *  - aliases {String|Array} absolute (alternative) path(s) to the source."," *  - extname {String} extension of the file."," *  - dependency {Boolean} File is page level dependency."," *  - code {Buffer} The contents of the file."," *  - external {Boolean} File is hosted externally."," *"," * @api public"," */","function File(filepath, options) {","  this.fuse();","","  options = options || {};","  options.code = options.code || '';","  options.extname = options.extname || '.js';","  options.external = options.external || false;","  options.dependency = options.dependency || false;","","  filepath = (filepath || '').replace(path.extname(filepath), '');","","  //","  // Normalize aliasses. File can have multiple aliases, for example due to","  // symlinked content. Aliases will be used by compiler.register","  //","  options.aliases = options.aliases || filepath;","  options.aliases = Array.isArray(options.aliases)","    ? options.aliases","    : [ options.aliases ];","","  this.readable('enumerable', File.predefine(this, {","    enumerable: true,","    writable: true","  }));","","  this.writable('code');                               // Actual code.","  this.writable('buffer');                             // Buffer of code.","  this.writable('_events');                            // EventEmitter 3.","  this.writable('aliases', options.aliases);           // Absolute paths to source.","","  this.enumerable('length');                           // Buffer length.","  this.enumerable('hash', null);                       // Hashed code representation.","  this.enumerable('pagelets', []);                     // List of pagelets.","  this.enumerable('filepath', filepath);               // Absolute path to file.","  this.enumerable('extname', options.extname);         // File extension.","  this.enumerable('external', options.external);       // File is hosted externally.","","  this.readable('dependency', options.dependency);     // File is page dependency.","  this.readable('type', this.mime[this.extname]);      // The content-type.","","  //","  // Process the content of the file if provided.","  //","  this.hash = this.encrypt(options.code);","  this.set(options.code);","}","","fuse(File, require('eventemitter3'));","","/**"," * Expose distributed location of the File."," *"," * @return {String} file location."," * @api public"," */","File.readable('location', {","  enumerable: false,","  get: function get() {","    if (this.external) return this.filepath + this.extname;","    return '/' + this.hash + this.extname;","  }","}, true);","","/**"," * Expose original location of the File."," *"," * @return {String} original file location."," * @api public"," */","File.readable('origin', {","  enumerable: false,","  get: function get() {","    if (!this.filepath) return;","    return '/' + this.filepath + this.extname;","  }","}, true);","","/**"," * Update the content of the file, convert to Buffer if required and update length."," *"," * @param {Buffer|String} content Content of the file."," * @returns {File} fluent interface"," * @api private"," */","File.readable('set', function set(content) {","  this.code = content.toString('utf-8');","","  //","  // Append async loading class to CSS","  //","  if (this.is('css')) {","    content = this.append(content, this.hash);","  }","","  this.buffer = Buffer.isBuffer(content) ? content : new Buffer(content);","  this.length = this.buffer.length;","","  return this;","});","","/**"," * Get the orginal content, either the buffer or the code."," *"," * @param {Boolean} readable true will return readable code, false the Buffer"," * @return {String} content"," * @api public"," */","File.readable('get', function get(readable) {","  return readable ? this.code : this.buffer;","});","","/**"," * Update the CSS with a selector that contains the filename which is"," * required for async loading of CSS."," *"," * @param {String} content CSS"," * @param {String} hash Optional hashed representation of the file"," * @returns {String} CSS content with selector appended"," * @api public"," */","File.readable('append', function append(content, hash) {","  return [","    content,","    '#_',","    hash || this.hash,","    ' { height: 42px }'","  ].join('');","});","","/**"," * Create a hash of the code which can be used as filename. This allows us to"," * aggressively cache the data."," *"," * @param {String} code The code that is send to the client."," * @returns {String} hash representation of the code."," * @api private"," */","File.readable('encrypt', function encrypt(code) {","  return crypto.createHash('sha1').update(code).digest('hex').toString('hex');","});","","/**"," * Check if the file is of the provided type."," *"," * @param {String} type part of the extension of the file."," * @returns {Boolean}"," * @api private"," */","File.readable('is', function is(type) {","  if (type.charAt(0) !== '.') type = '.' + type;","  return this.extname === type;","});","","/**"," * Add file to the list of aliases."," *"," * @param {String} filepath"," * @return {File} fluent interface"," * @api public"," */","File.readable('alias', function alias(filepath) {","  if (!~this.aliases.indexOf(filepath)) this.aliases.push(filepath);","  return this;","});","","/**"," * Small mime lookup table."," *"," * @type {Object}"," * @private"," */","File.readable('mime', {","  '.js': 'text/javascript; charset=utf-8',","  '.css': 'text/css; charset=utf-8'","});","","//","// Expose the module interface.","//","module.exports = File;",""],"l":{"3":1,"23":1,"24":0,"26":0,"27":0,"28":0,"29":0,"30":0,"32":0,"38":0,"39":0,"43":0,"48":0,"49":0,"50":0,"51":0,"53":0,"54":0,"55":0,"56":0,"57":0,"58":0,"60":0,"61":0,"66":0,"67":0,"70":1,"78":1,"81":0,"82":0,"92":1,"95":0,"96":0,"107":1,"108":0,"113":0,"114":0,"117":0,"118":0,"120":0,"130":1,"131":0,"143":1,"144":0,"160":1,"161":0,"171":1,"172":0,"173":0,"183":1,"184":0,"185":0,"194":1,"202":1}},"/home/travis/build/npmtest/node-npmtest-bigpipe/node_modules/bigpipe.js/index.js":{"path":"/home/travis/build/npmtest/node-npmtest-bigpipe/node_modules/bigpipe.js/index.js","s":{"1":1,"2":1,"3":4,"4":1,"5":0,"6":0},"b":{},"f":{"1":4,"2":0},"fnMap":{"1":{"name":"read","line":14,"loc":{"start":{"line":14,"column":0},"end":{"line":14,"column":20}}},"2":{"name":"server","line":59,"loc":{"start":{"line":59,"column":14},"end":{"line":59,"column":39}}}},"statementMap":{"1":{"start":{"line":3,"column":0},"end":{"line":5,"column":23}},"2":{"start":{"line":14,"column":0},"end":{"line":16,"column":1}},"3":{"start":{"line":15,"column":2},"end":{"line":15,"column":73}},"4":{"start":{"line":22,"column":0},"end":{"line":66,"column":14}},"5":{"start":{"line":60,"column":8},"end":{"line":60,"column":41}},"6":{"start":{"line":62,"column":8},"end":{"line":62,"column":52}}},"branchMap":{},"code":["'use strict';","","var Fittings = require('fittings')","  , join = require('path').join","  , fs = require('fs');","","/**"," * Read files out of our instructions directory."," *"," * @param {String} file Filename that we should read."," * @returns {String}"," * @api private"," */","function read(file) {","  return fs.readFileSync(join(__dirname, 'instructions', file), 'utf-8');","}","","//","// Expose the fittings definition for the BigPipe.js client library which","// processes all the magic.","//","Fittings.extend({","  //","  // Required name to identify the framework being pushed into Fittings.","  //","  name: 'bigpipe',","","  //","  // The template that is flushed to the client every single time a pagelet is","  // ready to write it's output. We split it so we can minify all the things.","  //","  fragment: read('fragment.html').split('\\n').join(''),","","  //","  // Library bootstrap which will be passed into the bootstrap pagelet.","  //","  bootstrap: read('bootstrap.html'),","","  //","  // Wrapping template to introduce client-side templates.","  //","  template: read('template.js'),","","  //","  // Wrapping template to introduce plugin client code.","  //","  plugin: read('plugin.js'),","","  //","  // Reference(s) to the library files that should be loaded.","  //","  library: require.resolve('./bigpipe.js'),","","  //","  // Additional plugins.","  //","  use: {","    css: {","      server: function server(bigpipe) {","        var compiler = bigpipe._compiler;","","        compiler.on('assembly', compiler.namespace);","      }","    }","  }","}).on(module);",""],"l":{"3":1,"14":1,"15":4,"22":1,"60":0,"62":0}},"/home/travis/build/npmtest/node-npmtest-bigpipe/node_modules/bigpipe/middleware/defaults.js":{"path":"/home/travis/build/npmtest/node-npmtest-bigpipe/node_modules/bigpipe/middleware/defaults.js","s":{"1":1,"2":1,"3":0,"4":0,"5":0},"b":{"1":[0,0],"2":[0,0]},"f":{"1":0},"fnMap":{"1":{"name":"defaults","line":12,"loc":{"start":{"line":12,"column":17},"end":{"line":12,"column":45}}}},"statementMap":{"1":{"start":{"line":3,"column":0},"end":{"line":3,"column":25}},"2":{"start":{"line":12,"column":0},"end":{"line":16,"column":2}},"3":{"start":{"line":13,"column":2},"end":{"line":13,"column":48}},"4":{"start":{"line":14,"column":2},"end":{"line":14,"column":41}},"5":{"start":{"line":15,"column":2},"end":{"line":15,"column":28}}},"branchMap":{"1":{"line":13,"type":"binary-expr","locations":[{"start":{"line":13,"column":12},"end":{"line":13,"column":19}},{"start":{"line":13,"column":23},"end":{"line":13,"column":47}}]},"2":{"line":14,"type":"binary-expr","locations":[{"start":{"line":14,"column":14},"end":{"line":14,"column":23}},{"start":{"line":14,"column":27},"end":{"line":14,"column":40}}]}},"code":["'use strict';","","var url = require('url');","","/**"," * A small middleware layer which is ran before everything else to add some"," * silly connect based middleware defaults so they can also be used in BigPipe."," *"," * @type {Function}"," * @api public"," */","module.exports = function defaults(req, res) {","  req.uri = req.uri || url.parse(req.url, true);","  req.query = req.query || req.uri.query;","  req.originalUrl = req.url;","};",""],"l":{"3":1,"12":1,"13":0,"14":0,"15":0}}}